#
# A fatal error has been detected by the Java Runtime Environment:
#
#  EXCEPTION_ACCESS_VIOLATION (0xc0000005) at pc=0x00007ff949be1be1, pid=17828, tid=9316
#
# JRE version:  (17.0.8.1+1) (build )
# Java VM: OpenJDK 64-Bit Server VM (17.0.8.1+1, mixed mode, sharing, tiered, unknown gc, windows-amd64)
# Problematic frame:
# C  [jimage.dll+0x1be1]
#
# No core dump will be written. Minidumps are not enabled by default on client versions of Windows
#
#

---------------  S U M M A R Y ------------

Command Line: 

Host: 11th Gen Intel(R) Core(TM) i3-1115G4 @ 3.00GHz, 4 cores, 7G,  Windows 11 , 64 bit Build 22621 (10.0.22621.2428)
Time: Mon Nov 13 04:36:57 2023 India Standard Time elapsed time: 0.022583 seconds (0d 0h 0m 0s)

---------------  T H R E A D  ---------------

Current thread is native thread

Stack: [0x00000026e3000000,0x00000026e3100000],  sp=0x00000026e30fd830,  free space=1014k
Native frames: (J=compiled Java code, j=interpreted, Vv=VM code, C=native code)
C  [jimage.dll+0x1be1]
C  [jimage.dll+0x1d6f]
C  [jimage.dll+0x264d]
V  [jvm.dll+0x1f2d5a]
V  [jvm.dll+0xb07de]
V  [jvm.dll+0x7e6dfc]
V  [jvm.dll+0x3ee4af]
V  [jvm.dll+0x3f00c1]
C  [jli.dll+0x528b]
C  [ucrtbase.dll+0x29363]
C  [KERNEL32.DLL+0x1257d]
C  [ntdll.dll+0x5aa78]


siginfo: EXCEPTION_ACCESS_VIOLATION (0xc0000005), reading address 0x000000000000bc98


Registers:
RAX=0x0000000000002f1f, RBX=0x00000026e30fd921, RCX=0x00007ff949be6000, RDX=0x0000000000002f1f
RSP=0x00000026e30fd830, RBP=0x00000026e30fd920, RSI=0x000000000000719f, RDI=0x00000026e30fd920
R8 =0x00007ff949be4288, R9 =0x000000000000001c, R10=0x00007ff9096f8c00, R11=0x00007ff949be6000
R12=0x0000000000000002, R13=0x000001797cc87200, R14=0x00000026e30fe990, R15=0x00007ff9096f8c28
RIP=0x00007ff949be1be1, EFLAGS=0x0000000000010246

Top of Stack: (sp=0x00000026e30fd830)
0x00000026e30fd830:   000001797cc70150 0000000018000018
0x00000026e30fd840:   000001797caa0c40 000001797cc70000
0x00000026e30fd850:   000001797ccb5fa0 00007ff949be1d6f
0x00000026e30fd860:   000000000000000b 000001797ccb5fa0
0x00000026e30fd870:   00000000000006f5 00000000000006f5
0x00000026e30fd880:   00000000000006f5 00007ff963ab422a
0x00000026e30fd890:   000001797cc739a0 000001790a00000a
0x00000026e30fd8a0:   000001797cc70000 00000026000003ff
0x00000026e30fd8b0:   00000000000006f5 000001797edb0080
0x00000026e30fd8c0:   000022a4b2a31543 000001797cc70150
0x00000026e30fd8d0:   00007ff9096d7810 0000000000000017
0x00000026e30fd8e0:   000001797ccb5fa0 00000026e30fe990
0x00000026e30fd8f0:   000000000000000b 00007ff949be264d
0x00000026e30fd900:   000001797cc70000 00007ff9000003ff
0x00000026e30fd910:   00000000000007b2 000001797ede54b0
0x00000026e30fd920:   61622e6176616a2f 692f6b646a2f6573 

Instructions: (pc=0x00007ff949be1be1)
0x00007ff949be1ae1:   48 85 c9 74 1d 80 3d 23 45 00 00 00 74 06 48 8b
0x00007ff949be1af1:   53 18 eb 04 48 8b 53 40 e8 ae 0e 00 00 48 83 63
0x00007ff949be1b01:   48 00 8b 4b 0c 83 f9 ff 74 09 e8 e4 0c 00 00 83
0x00007ff949be1b11:   4b 0c ff 48 8b 4b 70 48 85 c9 74 0f ba 10 00 00
0x00007ff949be1b21:   00 e8 fd 0e 00 00 48 83 63 70 00 48 83 c4 20 5b
0x00007ff949be1b31:   c3 cc cc 40 53 48 83 ec 20 48 8b d9 48 8d 0d dc
0x00007ff949be1b41:   46 00 00 e8 b3 0c 00 00 83 6b 08 01 75 24 48 8b
0x00007ff949be1b51:   d3 48 8d 0d bf 44 00 00 e8 22 08 00 00 48 8b cb
0x00007ff949be1b61:   e8 de fe ff ff ba 78 00 00 00 48 8b cb e8 b1 0e
0x00007ff949be1b71:   00 00 48 8d 0d a6 46 00 00 48 83 c4 20 5b e9 80
0x00007ff949be1b81:   0c 00 00 48 89 5c 24 08 48 89 74 24 10 57 48 83
0x00007ff949be1b91:   ec 20 41 8b f1 4d 8b c8 48 8b fa 4c 8b d9 4d 85
0x00007ff949be1ba1:   c0 74 78 85 f6 74 74 44 8a 12 48 8d 5a 01 48 8b
0x00007ff949be1bb1:   d3 b8 93 01 00 01 eb 12 69 c0 93 01 00 01 41 0f
0x00007ff949be1bc1:   b6 ca 44 8a 12 33 c1 48 ff c2 45 84 d2 75 e9 4d
0x00007ff949be1bd1:   8b 03 0f ba f0 1f 33 d2 49 8b cb f7 f6 48 63 c2
0x00007ff949be1be1:   41 8b 14 81 41 ff 50 08 85 c0 7e 24 8a 0f eb 10
0x00007ff949be1bf1:   69 c0 93 01 00 01 0f b6 c9 33 c1 8a 0b 48 ff c3
0x00007ff949be1c01:   84 c9 75 ec 0f ba f0 1f 33 d2 f7 f6 8b c2 eb 0e
0x00007ff949be1c11:   79 09 83 c9 ff 2b c8 8b c1 eb 03 83 c8 ff 48 8b
0x00007ff949be1c21:   5c 24 30 48 8b 74 24 38 48 83 c4 20 5f c3 cc 48
0x00007ff949be1c31:   89 5c 24 08 48 89 74 24 10 57 48 83 ec 20 48 8b
0x00007ff949be1c41:   f1 48 8d 0d d7 45 00 00 e8 ae 0b 00 00 33 ff 39
0x00007ff949be1c51:   3d c2 43 00 00 76 24 48 8b 05 c1 43 00 00 48 8b
0x00007ff949be1c61:   d6 48 8b 1c f8 48 8b 0b e8 72 1e 00 00 85 c0 74
0x00007ff949be1c71:   2b ff c7 3b 3d 9e 43 00 00 72 dc 33 db 48 8d 0d
0x00007ff949be1c81:   9b 45 00 00 e8 7a 0b 00 00 48 8b 74 24 38 48 8b
0x00007ff949be1c91:   c3 48 8b 5c 24 30 48 83 c4 20 5f c3 ff 43 08 eb
0x00007ff949be1ca1:   dc cc cc 48 89 5c 24 08 48 89 74 24 10 57 48 83
0x00007ff949be1cb1:   ec 20 48 8b d9 48 8b f2 48 8b 49 10 49 8b f8 8b
0x00007ff949be1cc1:   53 30 48 8b 01 ff 50 20 4c 8b 43 50 48 8b d6 48
0x00007ff949be1cd1:   8b 4b 10 44 8b c8 e8 a8 fe ff ff 83 f8 ff 74 38 



---------------  P R O C E S S  ---------------

VM state: not at safepoint (not fully initialized)

VM Mutex/Monitor currently owned by a thread: None

GC Precious Log:
<Not initialized>


Dynamic libraries:
0x00007ff7f1c70000 - 0x00007ff7f1c7e000 	c:\Users\The Chop\.cursor\extensions\redhat.java-1.24.0-win32-x64\jre\17.0.8.1-win32-x86_64\bin\java.exe
0x00007ff963a70000 - 0x00007ff963c87000 	C:\WINDOWS\SYSTEM32\ntdll.dll
0x00007ff963780000 - 0x00007ff963844000 	C:\WINDOWS\System32\KERNEL32.DLL
0x00007ff961250000 - 0x00007ff9615f6000 	C:\WINDOWS\System32\KERNELBASE.dll
0x00007ff95dbb0000 - 0x00007ff95dc47000 	C:\WINDOWS\SYSTEM32\apphelp.dll
0x00007ff961000000 - 0x00007ff961111000 	C:\WINDOWS\System32\ucrtbase.dll
0x00007ff949760000 - 0x00007ff949777000 	c:\Users\The Chop\.cursor\extensions\redhat.java-1.24.0-win32-x64\jre\17.0.8.1-win32-x86_64\bin\jli.dll
0x00007ff962410000 - 0x00007ff9625bd000 	C:\WINDOWS\System32\USER32.dll
0x00007ff9617a0000 - 0x00007ff9617c6000 	C:\WINDOWS\System32\win32u.dll
0x00007ff963a00000 - 0x00007ff963a29000 	C:\WINDOWS\System32\GDI32.dll
0x00007ff961680000 - 0x00007ff961798000 	C:\WINDOWS\System32\gdi32full.dll
0x00007ff960df0000 - 0x00007ff960e8a000 	C:\WINDOWS\System32\msvcp_win.dll
0x00007ff949650000 - 0x00007ff949669000 	c:\Users\The Chop\.cursor\extensions\redhat.java-1.24.0-win32-x64\jre\17.0.8.1-win32-x86_64\bin\VCRUNTIME140.dll
0x00007ff948d70000 - 0x00007ff949003000 	C:\WINDOWS\WinSxS\amd64_microsoft.windows.common-controls_6595b64144ccf1df_6.0.22621.2361_none_2712ced57382f843\COMCTL32.dll
0x00007ff962720000 - 0x00007ff9627c7000 	C:\WINDOWS\System32\msvcrt.dll
0x00007ff962b60000 - 0x00007ff962b91000 	C:\WINDOWS\System32\IMM32.DLL
0x00007ff94b560000 - 0x00007ff94b56c000 	c:\Users\The Chop\.cursor\extensions\redhat.java-1.24.0-win32-x64\jre\17.0.8.1-win32-x86_64\bin\vcruntime140_1.dll
0x00007ff9282e0000 - 0x00007ff928371000 	c:\Users\The Chop\.cursor\extensions\redhat.java-1.24.0-win32-x64\jre\17.0.8.1-win32-x86_64\bin\msvcp140.dll
0x00007ff908dc0000 - 0x00007ff909a0c000 	c:\Users\The Chop\.cursor\extensions\redhat.java-1.24.0-win32-x64\jre\17.0.8.1-win32-x86_64\bin\server\jvm.dll
0x00007ff962ba0000 - 0x00007ff962c50000 	C:\WINDOWS\System32\ADVAPI32.dll
0x00007ff962360000 - 0x00007ff962406000 	C:\WINDOWS\System32\sechost.dll
0x00007ff9638d0000 - 0x00007ff9639e7000 	C:\WINDOWS\System32\RPCRT4.dll
0x00007ff95fc80000 - 0x00007ff95fccd000 	C:\WINDOWS\SYSTEM32\POWRPROF.dll
0x00007ff95d930000 - 0x00007ff95d939000 	C:\WINDOWS\SYSTEM32\WSOCK32.dll
0x00007ff963850000 - 0x00007ff9638c1000 	C:\WINDOWS\System32\WS2_32.dll
0x00007ff954f60000 - 0x00007ff954f94000 	C:\WINDOWS\SYSTEM32\WINMM.dll
0x00007ff954fa0000 - 0x00007ff954faa000 	C:\WINDOWS\SYSTEM32\VERSION.dll
0x00007ff95fc60000 - 0x00007ff95fc73000 	C:\WINDOWS\SYSTEM32\UMPDC.dll
0x00007ff95ff20000 - 0x00007ff95ff38000 	C:\WINDOWS\SYSTEM32\kernel.appcore.dll
0x00007ff949be0000 - 0x00007ff949bea000 	c:\Users\The Chop\.cursor\extensions\redhat.java-1.24.0-win32-x64\jre\17.0.8.1-win32-x86_64\bin\jimage.dll
0x00007ff95ea40000 - 0x00007ff95ec6e000 	C:\WINDOWS\SYSTEM32\DBGHELP.DLL
0x00007ff9627d0000 - 0x00007ff962b5a000 	C:\WINDOWS\System32\combase.dll
0x00007ff962d20000 - 0x00007ff962df7000 	C:\WINDOWS\System32\OLEAUT32.dll
0x00007ff93ef90000 - 0x00007ff93efc2000 	C:\WINDOWS\SYSTEM32\dbgcore.DLL
0x00007ff961600000 - 0x00007ff96167a000 	C:\WINDOWS\System32\bcryptPrimitives.dll

dbghelp: loaded successfully - version: 4.0.5 - missing functions: none
symbol engine: initialized successfully - sym options: 0x614 - pdb path: .;c:\Users\The Chop\.cursor\extensions\redhat.java-1.24.0-win32-x64\jre\17.0.8.1-win32-x86_64\bin;C:\WINDOWS\SYSTEM32;C:\WINDOWS\WinSxS\amd64_microsoft.windows.common-controls_6595b64144ccf1df_6.0.22621.2361_none_2712ced57382f843;c:\Users\The Chop\.cursor\extensions\redhat.java-1.24.0-win32-x64\jre\17.0.8.1-win32-x86_64\bin\server

VM Arguments:
java_command: <unknown>
java_class_path (initial): <not set>
Launcher Type: SUN_STANDARD

[Global flags]
     bool UseLargePagesIndividualAllocation        = false                                  {pd product} {ergonomic}

Logging:
Log output configuration:
 #0: stdout all=warning uptime,level,tags
 #1: stderr all=off uptime,level,tags

Environment Variables:
PATH=c:\Users\The Chop\AppData\Local\Programs\cursor\resources\app\bin;C:\Program Files\Python311\Scripts\;C:\Program Files\Python311\;C:\Program Files\Common Files\Oracle\Java\javapath;C:\WINDOWS\system32;C:\WINDOWS;C:\WINDOWS\System32\Wbem;C:\WINDOWS\System32\WindowsPowerShell\v1.0\;C:\WINDOWS\System32\OpenSSH\;C:\ProgramData\chocolatey\bin;C:\Program Files\nodejs\;C:\Program Files\Git\cmd;C:\Users\The Chop\AppData\Local\Microsoft\WindowsApps;C:\MinGW\bin;C:\Program Files\JetBrains\IntelliJ IDEA Community Edition 2022.3.3\bin;;C:\Users\The Chop\AppData\Roaming\npm;c:\Users\The Chop\AppData\Local\Programs\cursor\resources\app\bin;C:\Users\The Chop\AppData\Local\Microsoft\WindowsApps;C:\MinGW\bin;C:\Users\The Chop\AppData\Local\Programs\Microsoft VS Code\bin;C:\Program Files\JetBrains\IntelliJ IDEA Community Edition 2022.3.3\bin;;C:\Users\The Chop\AppData\Roaming\npm
USERNAME=The Chop
OS=Windows_NT
PROCESSOR_IDENTIFIER=Intel64 Family 6 Model 140 Stepping 1, GenuineIntel
TMP=C:\Users\THECHO~1\AppData\Local\Temp
TEMP=C:\Users\THECHO~1\AppData\Local\Temp



---------------  S Y S T E M  ---------------

OS:
 Windows 11 , 64 bit Build 22621 (10.0.22621.2428)
OS uptime: 13 days 16:47 hours

CPU: total 4 (initial active 0) 
Processor Information for processor 0
  Max Mhz: 2995, Current Mhz: 998, Mhz Limit: 2995
Processor Information for processor 1
  Max Mhz: 2995, Current Mhz: 2995, Mhz Limit: 2995
Processor Information for processor 2
  Max Mhz: 2995, Current Mhz: 2995, Mhz Limit: 2995
Processor Information for processor 3
  Max Mhz: 2995, Current Mhz: 2995, Mhz Limit: 2995

Memory: 4k page, system-wide physical 7886M (541M free)
TotalPageFile size 9934M (AvailPageFile size 2M)
current process WorkingSet (physical memory assigned to process): 9M, peak: 9M
current process commit charge ("private bytes"): 3M, peak: 3M

vm_info: OpenJDK 64-Bit Server VM (17.0.8.1+1) for windows-amd64 JRE (17.0.8.1+1), built on Aug 23 2023 15:29:17 by "admin" with MS VC++ 16.7 (VS2019)

END.
