#
# There is insufficient memory for the Java Runtime Environment to continue.
# Native memory allocation (mmap) failed to map 65536 bytes for Failed to commit metaspace.
# Possible reasons:
#   The system is out of physical RAM or swap space
#   The process is running with CompressedOops enabled, and the Java Heap may be blocking the growth of the native heap
# Possible solutions:
#   Reduce memory load on the system
#   Increase physical memory or swap space
#   Check if swap backing store is full
#   Decrease Java heap size (-Xmx/-Xms)
#   Decrease number of Java threads
#   Decrease Java thread stack sizes (-Xss)
#   Set larger code cache with -XX:ReservedCodeCacheSize=
#   JVM is running with Unscaled Compressed Oops mode in which the Java heap is
#     placed in the first 4GB address space. The Java Heap base address is the
#     maximum limit for the native heap growth. Please use -XX:HeapBaseMinAddress
#     to set the Java Heap base and to place the Java Heap above 4GB virtual address.
# This output file may be truncated or incomplete.
#
#  Out of Memory Error (virtualSpaceNode.cpp:110), pid=3708, tid=3388
#
# JRE version:  (17.0.8.1+1) (build )
# Java VM: OpenJDK 64-Bit Server VM (17.0.8.1+1, mixed mode, tiered, compressed oops, compressed class ptrs, parallel gc, windows-amd64)
# No core dump will be written. Minidumps are not enabled by default on client versions of Windows
#

---------------  S U M M A R Y ------------

Command Line: --add-modules=ALL-SYSTEM --add-opens=java.base/java.util=ALL-UNNAMED --add-opens=java.base/java.lang=ALL-UNNAMED --add-opens=java.base/sun.nio.fs=ALL-UNNAMED -Declipse.application=org.eclipse.jdt.ls.core.id1 -Dosgi.bundles.defaultStartLevel=4 -Declipse.product=org.eclipse.jdt.ls.core.product -Djava.import.generatesMetadataFilesAtProjectRoot=false -DDetectVMInstallationsJob.disabled=true -Dfile.encoding=utf8 -XX:+UseParallelGC -XX:GCTimeRatio=4 -XX:AdaptiveSizePolicyWeight=90 -Dsun.zip.disableMemoryMapping=true -Xmx1G -Xms100m -Xlog:disable -javaagent:c:\Users\The Chop\.cursor\extensions\redhat.java-1.24.0-win32-x64\lombok\lombok-1.18.30.jar -XX:+HeapDumpOnOutOfMemoryError -XX:HeapDumpPath=c:\Users\The Chop\AppData\Roaming\Cursor\User\workspaceStorage\b40580cade4276ca2e49f7641e1adc54\redhat.java -Daether.dependencyCollector.impl=bf c:\Users\The Chop\.cursor\extensions\redhat.java-1.24.0-win32-x64\server\plugins\org.eclipse.equinox.launcher_1.6.500.v20230717-2134.jar -configuration c:\Users\The Chop\AppData\Roaming\Cursor\User\globalStorage\redhat.java\1.24.0\config_win -data c:\Users\The Chop\AppData\Roaming\Cursor\User\workspaceStorage\b40580cade4276ca2e49f7641e1adc54\redhat.java\jdt_ws --stdio

Host: 11th Gen Intel(R) Core(TM) i3-1115G4 @ 3.00GHz, 4 cores, 7G,  Windows 11 , 64 bit Build 22621 (10.0.22621.2428)
Time: Mon Nov 13 04:36:57 2023 India Standard Time elapsed time: 0.070308 seconds (0d 0h 0m 0s)

---------------  T H R E A D  ---------------

Current thread (0x0000015a0de3a0b0):  JavaThread "Unknown thread" [_thread_in_vm, id=3388, stack(0x0000000bee300000,0x0000000bee400000)]

Stack: [0x0000000bee300000,0x0000000bee400000]
Native frames: (J=compiled Java code, j=interpreted, Vv=VM code, C=native code)
V  [jvm.dll+0x678b0a]
V  [jvm.dll+0x835e84]
V  [jvm.dll+0x83762e]
V  [jvm.dll+0x837c93]
V  [jvm.dll+0x24746f]
V  [jvm.dll+0x831f1b]
V  [jvm.dll+0x61d3c6]
V  [jvm.dll+0x61d42a]
V  [jvm.dll+0x61fc5a]
V  [jvm.dll+0x61dd66]
V  [jvm.dll+0x23ce50]
V  [jvm.dll+0x1ec2ed]
V  [jvm.dll+0x1e1d21]
V  [jvm.dll+0x53fba0]
V  [jvm.dll+0x1f2607]
V  [jvm.dll+0x7b06ab]
V  [jvm.dll+0x7b1a52]
V  [jvm.dll+0x7b1d88]
V  [jvm.dll+0x83460f]
V  [jvm.dll+0x83439a]
V  [jvm.dll+0x8066c4]
V  [jvm.dll+0x807e5d]
V  [jvm.dll+0x36bb51]
V  [jvm.dll+0x7e733c]
V  [jvm.dll+0x3ee4af]
V  [jvm.dll+0x3f00c1]
C  [jli.dll+0x528b]
C  [ucrtbase.dll+0x29363]
C  [KERNEL32.DLL+0x1257d]
C  [ntdll.dll+0x5aa78]


---------------  P R O C E S S  ---------------

Threads class SMR info:
_java_thread_list=0x00007ff9098da018, length=0, elements={
}

Java Threads: ( => current thread )

Other Threads:
  0x0000015a0de4ea80 GCTaskThread "GC Thread#0" [stack: 0x0000000bee400000,0x0000000bee500000] [id=8420]

=>0x0000015a0de3a0b0 (exited) JavaThread "Unknown thread" [_thread_in_vm, id=3388, stack(0x0000000bee300000,0x0000000bee400000)]

Threads with active compile tasks:

VM state: not at safepoint (not fully initialized)

VM Mutex/Monitor currently owned by a thread:  ([mutex/lock_event])
[0x0000015a0de36630] Metaspace_lock - owner thread: 0x0000015a0de3a0b0

Heap address: 0x00000000c0000000, size: 1024 MB, Compressed Oops mode: 32-bit

CDS archive(s) not mapped
Compressed class space mapped at: 0x0000000100000000-0x0000000140000000, reserved size: 1073741824
Narrow klass base: 0x0000000000000000, Narrow klass shift: 3, Narrow klass range: 0x140000000

GC Precious Log:
 CPUs: 4 total, 4 available
 Memory: 7886M
 Large Page Support: Disabled
 NUMA Support: Disabled
 Compressed Oops: Enabled (32-bit)
 Alignments: Space 512K, Generation 512K, Heap 2M
 Heap Min Capacity: 100M
 Heap Initial Capacity: 100M
 Heap Max Capacity: 1G
 Pre-touch: Disabled
 Parallel Workers: 4

Heap:
 PSYoungGen      total 29696K, used 512K [0x00000000eab00000, 0x00000000ecc00000, 0x0000000100000000)
  eden space 25600K, 2% used [0x00000000eab00000,0x00000000eab80070,0x00000000ec400000)
  from space 4096K, 0% used [0x00000000ec800000,0x00000000ec800000,0x00000000ecc00000)
  to   space 4096K, 0% used [0x00000000ec400000,0x00000000ec400000,0x00000000ec800000)
 ParOldGen       total 68608K, used 0K [0x00000000c0000000, 0x00000000c4300000, 0x00000000eab00000)
  object space 68608K, 0% used [0x00000000c0000000,0x00000000c0000000,0x00000000c4300000)
 Metaspace       used 1046K, committed 1088K, reserved 1114112K
  class space    used 87K, committed 128K, reserved 1048576K

Card table byte_map: [0x0000015a0d7f0000,0x0000015a0da00000] _byte_map_base: 0x0000015a0d1f0000

Marking Bits: (ParMarkBitMap*) 0x00007ff9099483a0
 Begin Bits: [0x0000015a1faa0000, 0x0000015a20aa0000)
 End Bits:   [0x0000015a20aa0000, 0x0000015a21aa0000)

GC Heap History (0 events):
No events

Dll operation events (1 events):
Event: 0.015 Loaded shared library c:\Users\The Chop\.cursor\extensions\redhat.java-1.24.0-win32-x64\jre\17.0.8.1-win32-x86_64\bin\java.dll

Deoptimization events (0 events):
No events

Classes unloaded (0 events):
No events

Classes redefined (0 events):
No events

Internal exceptions (0 events):
No events

VM Operations (0 events):
No events

Events (20 events):
Event: 0.063 loading class java/lang/StackWalker$StackFrame
Event: 0.063 loading class java/lang/StackWalker$StackFrame done
Event: 0.063 loading class java/lang/StackFrameInfo done
Event: 0.063 loading class java/lang/LiveStackFrameInfo
Event: 0.063 loading class java/lang/LiveStackFrame
Event: 0.063 loading class java/lang/LiveStackFrame done
Event: 0.063 loading class java/lang/LiveStackFrameInfo done
Event: 0.063 loading class java/util/concurrent/locks/AbstractOwnableSynchronizer
Event: 0.063 loading class java/util/concurrent/locks/AbstractOwnableSynchronizer done
Event: 0.063 loading class java/lang/Boolean
Event: 0.063 loading class java/lang/Boolean done
Event: 0.063 loading class java/lang/Character
Event: 0.063 loading class java/lang/Character done
Event: 0.063 loading class java/lang/Float
Event: 0.063 loading class java/lang/Number
Event: 0.063 loading class java/lang/Number done
Event: 0.063 loading class java/lang/Float done
Event: 0.063 loading class java/lang/Double
Event: 0.064 loading class java/lang/Double done
Event: 0.064 loading class java/lang/Byte


Dynamic libraries:
0x00007ff7f1c70000 - 0x00007ff7f1c7e000 	c:\Users\The Chop\.cursor\extensions\redhat.java-1.24.0-win32-x64\jre\17.0.8.1-win32-x86_64\bin\java.exe
0x00007ff963a70000 - 0x00007ff963c87000 	C:\WINDOWS\SYSTEM32\ntdll.dll
0x00007ff963780000 - 0x00007ff963844000 	C:\WINDOWS\System32\KERNEL32.DLL
0x00007ff961250000 - 0x00007ff9615f6000 	C:\WINDOWS\System32\KERNELBASE.dll
0x00007ff95dbb0000 - 0x00007ff95dc47000 	C:\WINDOWS\SYSTEM32\apphelp.dll
0x00007ff961000000 - 0x00007ff961111000 	C:\WINDOWS\System32\ucrtbase.dll
0x00007ff949760000 - 0x00007ff949777000 	c:\Users\The Chop\.cursor\extensions\redhat.java-1.24.0-win32-x64\jre\17.0.8.1-win32-x86_64\bin\jli.dll
0x00007ff962410000 - 0x00007ff9625bd000 	C:\WINDOWS\System32\USER32.dll
0x00007ff9617a0000 - 0x00007ff9617c6000 	C:\WINDOWS\System32\win32u.dll
0x00007ff963a00000 - 0x00007ff963a29000 	C:\WINDOWS\System32\GDI32.dll
0x00007ff961680000 - 0x00007ff961798000 	C:\WINDOWS\System32\gdi32full.dll
0x00007ff960df0000 - 0x00007ff960e8a000 	C:\WINDOWS\System32\msvcp_win.dll
0x00007ff949650000 - 0x00007ff949669000 	c:\Users\The Chop\.cursor\extensions\redhat.java-1.24.0-win32-x64\jre\17.0.8.1-win32-x86_64\bin\VCRUNTIME140.dll
0x00007ff948d70000 - 0x00007ff949003000 	C:\WINDOWS\WinSxS\amd64_microsoft.windows.common-controls_6595b64144ccf1df_6.0.22621.2361_none_2712ced57382f843\COMCTL32.dll
0x00007ff962720000 - 0x00007ff9627c7000 	C:\WINDOWS\System32\msvcrt.dll
0x00007ff962b60000 - 0x00007ff962b91000 	C:\WINDOWS\System32\IMM32.DLL
0x00007ff94b560000 - 0x00007ff94b56c000 	c:\Users\The Chop\.cursor\extensions\redhat.java-1.24.0-win32-x64\jre\17.0.8.1-win32-x86_64\bin\vcruntime140_1.dll
0x00007ff9282e0000 - 0x00007ff928371000 	c:\Users\The Chop\.cursor\extensions\redhat.java-1.24.0-win32-x64\jre\17.0.8.1-win32-x86_64\bin\msvcp140.dll
0x00007ff908dc0000 - 0x00007ff909a0c000 	c:\Users\The Chop\.cursor\extensions\redhat.java-1.24.0-win32-x64\jre\17.0.8.1-win32-x86_64\bin\server\jvm.dll
0x00007ff962ba0000 - 0x00007ff962c50000 	C:\WINDOWS\System32\ADVAPI32.dll
0x00007ff962360000 - 0x00007ff962406000 	C:\WINDOWS\System32\sechost.dll
0x00007ff9638d0000 - 0x00007ff9639e7000 	C:\WINDOWS\System32\RPCRT4.dll
0x00007ff95fc80000 - 0x00007ff95fccd000 	C:\WINDOWS\SYSTEM32\POWRPROF.dll
0x00007ff95d930000 - 0x00007ff95d939000 	C:\WINDOWS\SYSTEM32\WSOCK32.dll
0x00007ff963850000 - 0x00007ff9638c1000 	C:\WINDOWS\System32\WS2_32.dll
0x00007ff954f60000 - 0x00007ff954f94000 	C:\WINDOWS\SYSTEM32\WINMM.dll
0x00007ff954fa0000 - 0x00007ff954faa000 	C:\WINDOWS\SYSTEM32\VERSION.dll
0x00007ff95fc60000 - 0x00007ff95fc73000 	C:\WINDOWS\SYSTEM32\UMPDC.dll
0x00007ff95ff20000 - 0x00007ff95ff38000 	C:\WINDOWS\SYSTEM32\kernel.appcore.dll
0x00007ff949be0000 - 0x00007ff949bea000 	c:\Users\The Chop\.cursor\extensions\redhat.java-1.24.0-win32-x64\jre\17.0.8.1-win32-x86_64\bin\jimage.dll
0x00007ff95ea40000 - 0x00007ff95ec6e000 	C:\WINDOWS\SYSTEM32\DBGHELP.DLL
0x00007ff9627d0000 - 0x00007ff962b5a000 	C:\WINDOWS\System32\combase.dll
0x00007ff962d20000 - 0x00007ff962df7000 	C:\WINDOWS\System32\OLEAUT32.dll
0x00007ff93ef90000 - 0x00007ff93efc2000 	C:\WINDOWS\SYSTEM32\dbgcore.DLL
0x00007ff961600000 - 0x00007ff96167a000 	C:\WINDOWS\System32\bcryptPrimitives.dll
0x00007ff949390000 - 0x00007ff94939e000 	c:\Users\The Chop\.cursor\extensions\redhat.java-1.24.0-win32-x64\jre\17.0.8.1-win32-x86_64\bin\instrument.dll
0x00007ff9325f0000 - 0x00007ff932615000 	c:\Users\The Chop\.cursor\extensions\redhat.java-1.24.0-win32-x64\jre\17.0.8.1-win32-x86_64\bin\java.dll
0x00007ff93c590000 - 0x00007ff93c5a8000 	c:\Users\The Chop\.cursor\extensions\redhat.java-1.24.0-win32-x64\jre\17.0.8.1-win32-x86_64\bin\zip.dll

dbghelp: loaded successfully - version: 4.0.5 - missing functions: none
symbol engine: initialized successfully - sym options: 0x614 - pdb path: .;c:\Users\The Chop\.cursor\extensions\redhat.java-1.24.0-win32-x64\jre\17.0.8.1-win32-x86_64\bin;C:\WINDOWS\SYSTEM32;C:\WINDOWS\WinSxS\amd64_microsoft.windows.common-controls_6595b64144ccf1df_6.0.22621.2361_none_2712ced57382f843;c:\Users\The Chop\.cursor\extensions\redhat.java-1.24.0-win32-x64\jre\17.0.8.1-win32-x86_64\bin\server

VM Arguments:
jvm_args: --add-modules=ALL-SYSTEM --add-opens=java.base/java.util=ALL-UNNAMED --add-opens=java.base/java.lang=ALL-UNNAMED --add-opens=java.base/sun.nio.fs=ALL-UNNAMED -Declipse.application=org.eclipse.jdt.ls.core.id1 -Dosgi.bundles.defaultStartLevel=4 -Declipse.product=org.eclipse.jdt.ls.core.product -Djava.import.generatesMetadataFilesAtProjectRoot=false -DDetectVMInstallationsJob.disabled=true -Dfile.encoding=utf8 -XX:+UseParallelGC -XX:GCTimeRatio=4 -XX:AdaptiveSizePolicyWeight=90 -Dsun.zip.disableMemoryMapping=true -Xmx1G -Xms100m -Xlog:disable -javaagent:c:\Users\The Chop\.cursor\extensions\redhat.java-1.24.0-win32-x64\lombok\lombok-1.18.30.jar -XX:+HeapDumpOnOutOfMemoryError -XX:HeapDumpPath=c:\Users\The Chop\AppData\Roaming\Cursor\User\workspaceStorage\b40580cade4276ca2e49f7641e1adc54\redhat.java -Daether.dependencyCollector.impl=bf 
java_command: c:\Users\The Chop\.cursor\extensions\redhat.java-1.24.0-win32-x64\server\plugins\org.eclipse.equinox.launcher_1.6.500.v20230717-2134.jar -configuration c:\Users\The Chop\AppData\Roaming\Cursor\User\globalStorage\redhat.java\1.24.0\config_win -data c:\Users\The Chop\AppData\Roaming\Cursor\User\workspaceStorage\b40580cade4276ca2e49f7641e1adc54\redhat.java\jdt_ws --stdio
java_class_path (initial): c:\Users\The Chop\.cursor\extensions\redhat.java-1.24.0-win32-x64\server\plugins\org.eclipse.equinox.launcher_1.6.500.v20230717-2134.jar
Launcher Type: SUN_STANDARD

[Global flags]
    uintx AdaptiveSizePolicyWeight                 = 90                                        {product} {command line}
     intx CICompilerCount                          = 3                                         {product} {ergonomic}
    uintx GCTimeRatio                              = 4                                         {product} {command line}
     bool HeapDumpOnOutOfMemoryError               = true                                   {manageable} {command line}
    ccstr HeapDumpPath                             = c:\Users\The Chop\AppData\Roaming\Cursor\User\workspaceStorage\b40580cade4276ca2e49f7641e1adc54\redhat.java         {manageable} {command line}
   size_t InitialHeapSize                          = 104857600                                 {product} {command line}
   size_t MaxHeapSize                              = 1073741824                                {product} {command line}
   size_t MaxNewSize                               = 357564416                                 {product} {ergonomic}
   size_t MinHeapDeltaBytes                        = 524288                                    {product} {ergonomic}
   size_t MinHeapSize                              = 104857600                                 {product} {command line}
   size_t NewSize                                  = 34603008                                  {product} {ergonomic}
    uintx NonNMethodCodeHeapSize                   = 5832780                                {pd product} {ergonomic}
    uintx NonProfiledCodeHeapSize                  = 122912730                              {pd product} {ergonomic}
   size_t OldSize                                  = 70254592                                  {product} {ergonomic}
    uintx ProfiledCodeHeapSize                     = 122912730                              {pd product} {ergonomic}
    uintx ReservedCodeCacheSize                    = 251658240                              {pd product} {ergonomic}
     bool SegmentedCodeCache                       = true                                      {product} {ergonomic}
   size_t SoftMaxHeapSize                          = 1073741824                             {manageable} {ergonomic}
     bool UseCompressedClassPointers               = true                           {product lp64_product} {ergonomic}
     bool UseCompressedOops                        = true                           {product lp64_product} {ergonomic}
     bool UseLargePagesIndividualAllocation        = false                                  {pd product} {ergonomic}
     bool UseParallelGC                            = true                                      {product} {command line}

Logging:
Log output configuration:
 #0: stdout all=off uptime,level,tags
 #1: stderr all=off uptime,level,tags

Environment Variables:
PATH=c:\Users\The Chop\AppData\Local\Programs\cursor\resources\app\bin;C:\Program Files\Python311\Scripts\;C:\Program Files\Python311\;C:\Program Files\Common Files\Oracle\Java\javapath;C:\WINDOWS\system32;C:\WINDOWS;C:\WINDOWS\System32\Wbem;C:\WINDOWS\System32\WindowsPowerShell\v1.0\;C:\WINDOWS\System32\OpenSSH\;C:\ProgramData\chocolatey\bin;C:\Program Files\nodejs\;C:\Program Files\Git\cmd;C:\Users\The Chop\AppData\Local\Microsoft\WindowsApps;C:\MinGW\bin;C:\Program Files\JetBrains\IntelliJ IDEA Community Edition 2022.3.3\bin;;C:\Users\The Chop\AppData\Roaming\npm;c:\Users\The Chop\AppData\Local\Programs\cursor\resources\app\bin;C:\Users\The Chop\AppData\Local\Microsoft\WindowsApps;C:\MinGW\bin;C:\Users\The Chop\AppData\Local\Programs\Microsoft VS Code\bin;C:\Program Files\JetBrains\IntelliJ IDEA Community Edition 2022.3.3\bin;;C:\Users\The Chop\AppData\Roaming\npm
USERNAME=The Chop
OS=Windows_NT
PROCESSOR_IDENTIFIER=Intel64 Family 6 Model 140 Stepping 1, GenuineIntel
TMP=C:\Users\THECHO~1\AppData\Local\Temp
TEMP=C:\Users\THECHO~1\AppData\Local\Temp



---------------  S Y S T E M  ---------------

OS:
 Windows 11 , 64 bit Build 22621 (10.0.22621.2428)
OS uptime: 13 days 16:47 hours

CPU: total 4 (initial active 4) (2 cores per cpu, 2 threads per core) family 6 model 140 stepping 1 microcode 0x9a, cx8, cmov, fxsr, ht, mmx, 3dnowpref, sse, sse2, sse3, ssse3, sse4.1, sse4.2, popcnt, lzcnt, tsc, tscinvbit, avx, avx2, aes, erms, clmul, bmi1, bmi2, adx, avx512f, avx512dq, avx512cd, avx512bw, avx512vl, sha, fma, vzeroupper, avx512_vpopcntdq, avx512_vpclmulqdq, avx512_vaes, avx512_vnni, clflush, clflushopt, clwb, avx512_vbmi2, avx512_vbmi
Processor Information for processor 0
  Max Mhz: 2995, Current Mhz: 998, Mhz Limit: 2995
Processor Information for processor 1
  Max Mhz: 2995, Current Mhz: 2995, Mhz Limit: 2995
Processor Information for processor 2
  Max Mhz: 2995, Current Mhz: 2995, Mhz Limit: 2995
Processor Information for processor 3
  Max Mhz: 2995, Current Mhz: 2995, Mhz Limit: 2995

Memory: 4k page, system-wide physical 7886M (541M free)
TotalPageFile size 9934M (AvailPageFile size 2M)
current process WorkingSet (physical memory assigned to process): 16M, peak: 16M
current process commit charge ("private bytes"): 148M, peak: 148M

vm_info: OpenJDK 64-Bit Server VM (17.0.8.1+1) for windows-amd64 JRE (17.0.8.1+1), built on Aug 23 2023 15:29:17 by "admin" with MS VC++ 16.7 (VS2019)

END.
