#
# There is insufficient memory for the Java Runtime Environment to continue.
# Native memory allocation (malloc) failed to allocate 1255072 bytes for Chunk::new
# Possible reasons:
#   The system is out of physical RAM or swap space
#   The process is running with CompressedOops enabled, and the Java Heap may be blocking the growth of the native heap
# Possible solutions:
#   Reduce memory load on the system
#   Increase physical memory or swap space
#   Check if swap backing store is full
#   Decrease Java heap size (-Xmx/-Xms)
#   Decrease number of Java threads
#   Decrease Java thread stack sizes (-Xss)
#   Set larger code cache with -XX:ReservedCodeCacheSize=
#   JVM is running with Unscaled Compressed Oops mode in which the Java heap is
#     placed in the first 4GB address space. The Java Heap base address is the
#     maximum limit for the native heap growth. Please use -XX:HeapBaseMinAddress
#     to set the Java Heap base and to place the Java Heap above 4GB virtual address.
# This output file may be truncated or incomplete.
#
#  Out of Memory Error (arena.cpp:184), pid=10560, tid=8796
#
# JRE version: Java(TM) SE Runtime Environment (20.0+36) (build 20+36-2344)
# Java VM: Java HotSpot(TM) 64-Bit Server VM (20+36-2344, mixed mode, sharing, tiered, compressed oops, compressed class ptrs, g1 gc, windows-amd64)
# No core dump will be written. Minidumps are not enabled by default on client versions of Windows
#

---------------  S U M M A R Y ------------

Command Line: -javaagent:C:\Program Files\JetBrains\IntelliJ IDEA Community Edition 2022.3.3\lib\idea_rt.jar=56171:C:\Program Files\JetBrains\IntelliJ IDEA Community Edition 2022.3.3\bin -Dfile.encoding=UTF-8 -Dsun.stdout.encoding=UTF-8 -Dsun.stderr.encoding=UTF-8 TicTacToeGame.teleBot

Host: 11th Gen Intel(R) Core(TM) i3-1115G4 @ 3.00GHz, 4 cores, 7G,  Windows 11 , 64 bit Build 22621 (10.0.22621.2428)
Time: Wed Nov  1 23:23:12 2023 India Standard Time elapsed time: 0.718691 seconds (0d 0h 0m 0s)

---------------  T H R E A D  ---------------

Current thread (0x00000229404b2f60):  JavaThread "C2 CompilerThread0" daemon [_thread_in_native, id=8796, stack(0x000000bc35000000,0x000000bc35100000)]


Current CompileTask:
C2:    718  931       4       sun.security.ec.ECOperations::setDouble (463 bytes)

Stack: [0x000000bc35000000,0x000000bc35100000]
Native frames: (J=compiled Java code, j=interpreted, Vv=VM code, C=native code)
V  [jvm.dll+0x6bb95a]
V  [jvm.dll+0x8483aa]
V  [jvm.dll+0x849fa5]
V  [jvm.dll+0x84a6a3]
V  [jvm.dll+0x280b0f]
V  [jvm.dll+0xc2b11]
V  [jvm.dll+0xc2e35]
V  [jvm.dll+0x3bb17c]
V  [jvm.dll+0x3857f5]
V  [jvm.dll+0x384c6a]
V  [jvm.dll+0x24b259]
V  [jvm.dll+0x24a651]
V  [jvm.dll+0x1ce491]
V  [jvm.dll+0x259e1b]
V  [jvm.dll+0x2584f0]
V  [jvm.dll+0x3f2895]
V  [jvm.dll+0x7f4906]
V  [jvm.dll+0x6ba5cb]
C  [ucrtbase.dll+0x29363]
C  [KERNEL32.DLL+0x1257d]
C  [ntdll.dll+0x5aa78]


---------------  P R O C E S S  ---------------

Threads class SMR info:
_java_thread_list=0x0000022944b592e0, length=13, elements={
0x00000229244b9e30, 0x000002294049bb00, 0x000002294049d8a0, 0x00000229404a1030,
0x00000229404a1a60, 0x00000229404a2490, 0x00000229404a4000, 0x00000229404b2f60,
0x00000229404bba20, 0x0000022940468790, 0x00000229449e46d0, 0x000002294497a410,
0x0000022944bb1710
}

Java Threads: ( => current thread )
  0x00000229244b9e30 JavaThread "main" [_thread_in_native, id=11152, stack(0x000000bc34300000,0x000000bc34400000)]
  0x000002294049bb00 JavaThread "Reference Handler" daemon [_thread_blocked, id=4320, stack(0x000000bc34a00000,0x000000bc34b00000)]
  0x000002294049d8a0 JavaThread "Finalizer" daemon [_thread_blocked, id=11904, stack(0x000000bc34b00000,0x000000bc34c00000)]
  0x00000229404a1030 JavaThread "Signal Dispatcher" daemon [_thread_blocked, id=10732, stack(0x000000bc34c00000,0x000000bc34d00000)]
  0x00000229404a1a60 JavaThread "Attach Listener" daemon [_thread_blocked, id=9648, stack(0x000000bc34d00000,0x000000bc34e00000)]
  0x00000229404a2490 JavaThread "Service Thread" daemon [_thread_blocked, id=6860, stack(0x000000bc34e00000,0x000000bc34f00000)]
  0x00000229404a4000 JavaThread "Monitor Deflation Thread" daemon [_thread_blocked, id=8736, stack(0x000000bc34f00000,0x000000bc35000000)]
=>0x00000229404b2f60 JavaThread "C2 CompilerThread0" daemon [_thread_in_native, id=8796, stack(0x000000bc35000000,0x000000bc35100000)]
  0x00000229404bba20 JavaThread "C1 CompilerThread0" daemon [_thread_blocked, id=9436, stack(0x000000bc35100000,0x000000bc35200000)]
  0x0000022940468790 JavaThread "Common-Cleaner" daemon [_thread_blocked, id=14136, stack(0x000000bc35200000,0x000000bc35300000)]
  0x00000229449e46d0 JavaThread "Monitor Ctrl-Break" daemon [_thread_in_native, id=13484, stack(0x000000bc35300000,0x000000bc35400000)]
  0x000002294497a410 JavaThread "Notification Thread" daemon [_thread_blocked, id=2464, stack(0x000000bc35400000,0x000000bc35500000)]
  0x0000022944bb1710 JavaThread "C2 CompilerThread1" daemon [_thread_blocked, id=11020, stack(0x000000bc35600000,0x000000bc35700000)]

Other Threads:
  0x00000229404801e0 VMThread "VM Thread" [stack: 0x000000bc34900000,0x000000bc34a00000] [id=8060]
  0x000002294497b5f0 WatcherThread "VM Periodic Task Thread" [stack: 0x000000bc35500000,0x000000bc35600000] [id=1404]
  0x00000229245163a0 WorkerThread "GC Thread#0" [stack: 0x000000bc34400000,0x000000bc34500000] [id=5964]
  0x0000022924526ad0 ConcurrentGCThread "G1 Main Marker" [stack: 0x000000bc34500000,0x000000bc34600000] [id=15640]
  0x0000022924527ca0 WorkerThread "G1 Conc#0" [stack: 0x000000bc34600000,0x000000bc34700000] [id=14864]
  0x000002292457e1b0 ConcurrentGCThread "G1 Refine#0" [stack: 0x000000bc34700000,0x000000bc34800000] [id=14708]
  0x000002292457ec50 ConcurrentGCThread "G1 Service" [stack: 0x000000bc34800000,0x000000bc34900000] [id=14900]

Threads with active compile tasks:
C2 CompilerThread0      747  931       4       sun.security.ec.ECOperations::setDouble (463 bytes)

VM state: not at safepoint (normal execution)

VM Mutex/Monitor currently owned by a thread: None

Heap address: 0x0000000084c00000, size: 1972 MB, Compressed Oops mode: 32-bit

CDS archive(s) mapped at: [0x0000000800000000-0x0000000800c60000-0x0000000800c60000), size 12976128, SharedBaseAddress: 0x0000000800000000, ArchiveRelocationMode: 0.
Compressed class space mapped at: 0x0000000801000000-0x0000000841000000, reserved size: 1073741824
Narrow klass base: 0x0000000800000000, Narrow klass shift: 0, Narrow klass range: 0x100000000

GC Precious Log:
 CardTable entry size: 512
 Card Set container configuration: InlinePtr #cards 5 size 8 Array Of Cards #cards 12 size 40 Howl #buckets 4 coarsen threshold 1843 Howl Bitmap #cards 512 size 80 coarsen threshold 460 Card regions per heap region 1 cards per card region 2048
 CPUs: 4 total, 4 available
 Memory: 7886M
 Large Page Support: Disabled
 NUMA Support: Disabled
 Compressed Oops: Enabled (32-bit)
 Heap Region Size: 1M
 Heap Min Capacity: 8M
 Heap Initial Capacity: 124M
 Heap Max Capacity: 1972M
 Pre-touch: Disabled
 Parallel Workers: 4
 Concurrent Workers: 1
 Concurrent Refinement Workers: 4
 Periodic GC: Disabled

Heap:
 garbage-first heap   total 126976K, used 11264K [0x0000000084c00000, 0x0000000100000000)
  region size 1024K, 12 young (12288K), 0 survivors (0K)
 Metaspace       used 6780K, committed 6976K, reserved 1114112K
  class space    used 722K, committed 832K, reserved 1048576K

Heap Regions: E=young(eden), S=young(survivor), O=old, HS=humongous(starts), HC=humongous(continues), CS=collection set, F=free, OA=open archive, CA=closed archive, TAMS=top-at-mark-start, PB=parsable bottom
|   0|0x0000000084c00000, 0x0000000084c00000, 0x0000000084d00000|  0%| F|  |TAMS 0x0000000084c00000| PB 0x0000000084c00000| Untracked 
|   1|0x0000000084d00000, 0x0000000084d00000, 0x0000000084e00000|  0%| F|  |TAMS 0x0000000084d00000| PB 0x0000000084d00000| Untracked 
|   2|0x0000000084e00000, 0x0000000084e00000, 0x0000000084f00000|  0%| F|  |TAMS 0x0000000084e00000| PB 0x0000000084e00000| Untracked 
|   3|0x0000000084f00000, 0x0000000084f00000, 0x0000000085000000|  0%| F|  |TAMS 0x0000000084f00000| PB 0x0000000084f00000| Untracked 
|   4|0x0000000085000000, 0x0000000085000000, 0x0000000085100000|  0%| F|  |TAMS 0x0000000085000000| PB 0x0000000085000000| Untracked 
|   5|0x0000000085100000, 0x0000000085100000, 0x0000000085200000|  0%| F|  |TAMS 0x0000000085100000| PB 0x0000000085100000| Untracked 
|   6|0x0000000085200000, 0x0000000085200000, 0x0000000085300000|  0%| F|  |TAMS 0x0000000085200000| PB 0x0000000085200000| Untracked 
|   7|0x0000000085300000, 0x0000000085300000, 0x0000000085400000|  0%| F|  |TAMS 0x0000000085300000| PB 0x0000000085300000| Untracked 
|   8|0x0000000085400000, 0x0000000085400000, 0x0000000085500000|  0%| F|  |TAMS 0x0000000085400000| PB 0x0000000085400000| Untracked 
|   9|0x0000000085500000, 0x0000000085500000, 0x0000000085600000|  0%| F|  |TAMS 0x0000000085500000| PB 0x0000000085500000| Untracked 
|  10|0x0000000085600000, 0x0000000085600000, 0x0000000085700000|  0%| F|  |TAMS 0x0000000085600000| PB 0x0000000085600000| Untracked 
|  11|0x0000000085700000, 0x0000000085700000, 0x0000000085800000|  0%| F|  |TAMS 0x0000000085700000| PB 0x0000000085700000| Untracked 
|  12|0x0000000085800000, 0x0000000085800000, 0x0000000085900000|  0%| F|  |TAMS 0x0000000085800000| PB 0x0000000085800000| Untracked 
|  13|0x0000000085900000, 0x0000000085900000, 0x0000000085a00000|  0%| F|  |TAMS 0x0000000085900000| PB 0x0000000085900000| Untracked 
|  14|0x0000000085a00000, 0x0000000085a00000, 0x0000000085b00000|  0%| F|  |TAMS 0x0000000085a00000| PB 0x0000000085a00000| Untracked 
|  15|0x0000000085b00000, 0x0000000085b00000, 0x0000000085c00000|  0%| F|  |TAMS 0x0000000085b00000| PB 0x0000000085b00000| Untracked 
|  16|0x0000000085c00000, 0x0000000085c00000, 0x0000000085d00000|  0%| F|  |TAMS 0x0000000085c00000| PB 0x0000000085c00000| Untracked 
|  17|0x0000000085d00000, 0x0000000085d00000, 0x0000000085e00000|  0%| F|  |TAMS 0x0000000085d00000| PB 0x0000000085d00000| Untracked 
|  18|0x0000000085e00000, 0x0000000085e00000, 0x0000000085f00000|  0%| F|  |TAMS 0x0000000085e00000| PB 0x0000000085e00000| Untracked 
|  19|0x0000000085f00000, 0x0000000085f00000, 0x0000000086000000|  0%| F|  |TAMS 0x0000000085f00000| PB 0x0000000085f00000| Untracked 
|  20|0x0000000086000000, 0x0000000086000000, 0x0000000086100000|  0%| F|  |TAMS 0x0000000086000000| PB 0x0000000086000000| Untracked 
|  21|0x0000000086100000, 0x0000000086100000, 0x0000000086200000|  0%| F|  |TAMS 0x0000000086100000| PB 0x0000000086100000| Untracked 
|  22|0x0000000086200000, 0x0000000086200000, 0x0000000086300000|  0%| F|  |TAMS 0x0000000086200000| PB 0x0000000086200000| Untracked 
|  23|0x0000000086300000, 0x0000000086300000, 0x0000000086400000|  0%| F|  |TAMS 0x0000000086300000| PB 0x0000000086300000| Untracked 
|  24|0x0000000086400000, 0x0000000086400000, 0x0000000086500000|  0%| F|  |TAMS 0x0000000086400000| PB 0x0000000086400000| Untracked 
|  25|0x0000000086500000, 0x0000000086500000, 0x0000000086600000|  0%| F|  |TAMS 0x0000000086500000| PB 0x0000000086500000| Untracked 
|  26|0x0000000086600000, 0x0000000086600000, 0x0000000086700000|  0%| F|  |TAMS 0x0000000086600000| PB 0x0000000086600000| Untracked 
|  27|0x0000000086700000, 0x0000000086700000, 0x0000000086800000|  0%| F|  |TAMS 0x0000000086700000| PB 0x0000000086700000| Untracked 
|  28|0x0000000086800000, 0x0000000086800000, 0x0000000086900000|  0%| F|  |TAMS 0x0000000086800000| PB 0x0000000086800000| Untracked 
|  29|0x0000000086900000, 0x0000000086900000, 0x0000000086a00000|  0%| F|  |TAMS 0x0000000086900000| PB 0x0000000086900000| Untracked 
|  30|0x0000000086a00000, 0x0000000086a00000, 0x0000000086b00000|  0%| F|  |TAMS 0x0000000086a00000| PB 0x0000000086a00000| Untracked 
|  31|0x0000000086b00000, 0x0000000086b00000, 0x0000000086c00000|  0%| F|  |TAMS 0x0000000086b00000| PB 0x0000000086b00000| Untracked 
|  32|0x0000000086c00000, 0x0000000086c00000, 0x0000000086d00000|  0%| F|  |TAMS 0x0000000086c00000| PB 0x0000000086c00000| Untracked 
|  33|0x0000000086d00000, 0x0000000086d00000, 0x0000000086e00000|  0%| F|  |TAMS 0x0000000086d00000| PB 0x0000000086d00000| Untracked 
|  34|0x0000000086e00000, 0x0000000086e00000, 0x0000000086f00000|  0%| F|  |TAMS 0x0000000086e00000| PB 0x0000000086e00000| Untracked 
|  35|0x0000000086f00000, 0x0000000086f00000, 0x0000000087000000|  0%| F|  |TAMS 0x0000000086f00000| PB 0x0000000086f00000| Untracked 
|  36|0x0000000087000000, 0x0000000087000000, 0x0000000087100000|  0%| F|  |TAMS 0x0000000087000000| PB 0x0000000087000000| Untracked 
|  37|0x0000000087100000, 0x0000000087100000, 0x0000000087200000|  0%| F|  |TAMS 0x0000000087100000| PB 0x0000000087100000| Untracked 
|  38|0x0000000087200000, 0x0000000087200000, 0x0000000087300000|  0%| F|  |TAMS 0x0000000087200000| PB 0x0000000087200000| Untracked 
|  39|0x0000000087300000, 0x0000000087300000, 0x0000000087400000|  0%| F|  |TAMS 0x0000000087300000| PB 0x0000000087300000| Untracked 
|  40|0x0000000087400000, 0x0000000087400000, 0x0000000087500000|  0%| F|  |TAMS 0x0000000087400000| PB 0x0000000087400000| Untracked 
|  41|0x0000000087500000, 0x0000000087500000, 0x0000000087600000|  0%| F|  |TAMS 0x0000000087500000| PB 0x0000000087500000| Untracked 
|  42|0x0000000087600000, 0x0000000087600000, 0x0000000087700000|  0%| F|  |TAMS 0x0000000087600000| PB 0x0000000087600000| Untracked 
|  43|0x0000000087700000, 0x0000000087700000, 0x0000000087800000|  0%| F|  |TAMS 0x0000000087700000| PB 0x0000000087700000| Untracked 
|  44|0x0000000087800000, 0x0000000087800000, 0x0000000087900000|  0%| F|  |TAMS 0x0000000087800000| PB 0x0000000087800000| Untracked 
|  45|0x0000000087900000, 0x0000000087900000, 0x0000000087a00000|  0%| F|  |TAMS 0x0000000087900000| PB 0x0000000087900000| Untracked 
|  46|0x0000000087a00000, 0x0000000087a00000, 0x0000000087b00000|  0%| F|  |TAMS 0x0000000087a00000| PB 0x0000000087a00000| Untracked 
|  47|0x0000000087b00000, 0x0000000087b00000, 0x0000000087c00000|  0%| F|  |TAMS 0x0000000087b00000| PB 0x0000000087b00000| Untracked 
|  48|0x0000000087c00000, 0x0000000087c00000, 0x0000000087d00000|  0%| F|  |TAMS 0x0000000087c00000| PB 0x0000000087c00000| Untracked 
|  49|0x0000000087d00000, 0x0000000087d00000, 0x0000000087e00000|  0%| F|  |TAMS 0x0000000087d00000| PB 0x0000000087d00000| Untracked 
|  50|0x0000000087e00000, 0x0000000087e00000, 0x0000000087f00000|  0%| F|  |TAMS 0x0000000087e00000| PB 0x0000000087e00000| Untracked 
|  51|0x0000000087f00000, 0x0000000087f00000, 0x0000000088000000|  0%| F|  |TAMS 0x0000000087f00000| PB 0x0000000087f00000| Untracked 
|  52|0x0000000088000000, 0x0000000088000000, 0x0000000088100000|  0%| F|  |TAMS 0x0000000088000000| PB 0x0000000088000000| Untracked 
|  53|0x0000000088100000, 0x0000000088100000, 0x0000000088200000|  0%| F|  |TAMS 0x0000000088100000| PB 0x0000000088100000| Untracked 
|  54|0x0000000088200000, 0x0000000088200000, 0x0000000088300000|  0%| F|  |TAMS 0x0000000088200000| PB 0x0000000088200000| Untracked 
|  55|0x0000000088300000, 0x0000000088300000, 0x0000000088400000|  0%| F|  |TAMS 0x0000000088300000| PB 0x0000000088300000| Untracked 
|  56|0x0000000088400000, 0x0000000088400000, 0x0000000088500000|  0%| F|  |TAMS 0x0000000088400000| PB 0x0000000088400000| Untracked 
|  57|0x0000000088500000, 0x0000000088500000, 0x0000000088600000|  0%| F|  |TAMS 0x0000000088500000| PB 0x0000000088500000| Untracked 
|  58|0x0000000088600000, 0x0000000088600000, 0x0000000088700000|  0%| F|  |TAMS 0x0000000088600000| PB 0x0000000088600000| Untracked 
|  59|0x0000000088700000, 0x0000000088700000, 0x0000000088800000|  0%| F|  |TAMS 0x0000000088700000| PB 0x0000000088700000| Untracked 
|  60|0x0000000088800000, 0x0000000088800000, 0x0000000088900000|  0%| F|  |TAMS 0x0000000088800000| PB 0x0000000088800000| Untracked 
|  61|0x0000000088900000, 0x0000000088900000, 0x0000000088a00000|  0%| F|  |TAMS 0x0000000088900000| PB 0x0000000088900000| Untracked 
|  62|0x0000000088a00000, 0x0000000088a00000, 0x0000000088b00000|  0%| F|  |TAMS 0x0000000088a00000| PB 0x0000000088a00000| Untracked 
|  63|0x0000000088b00000, 0x0000000088b00000, 0x0000000088c00000|  0%| F|  |TAMS 0x0000000088b00000| PB 0x0000000088b00000| Untracked 
|  64|0x0000000088c00000, 0x0000000088c00000, 0x0000000088d00000|  0%| F|  |TAMS 0x0000000088c00000| PB 0x0000000088c00000| Untracked 
|  65|0x0000000088d00000, 0x0000000088d00000, 0x0000000088e00000|  0%| F|  |TAMS 0x0000000088d00000| PB 0x0000000088d00000| Untracked 
|  66|0x0000000088e00000, 0x0000000088e00000, 0x0000000088f00000|  0%| F|  |TAMS 0x0000000088e00000| PB 0x0000000088e00000| Untracked 
|  67|0x0000000088f00000, 0x0000000088f00000, 0x0000000089000000|  0%| F|  |TAMS 0x0000000088f00000| PB 0x0000000088f00000| Untracked 
|  68|0x0000000089000000, 0x0000000089000000, 0x0000000089100000|  0%| F|  |TAMS 0x0000000089000000| PB 0x0000000089000000| Untracked 
|  69|0x0000000089100000, 0x0000000089100000, 0x0000000089200000|  0%| F|  |TAMS 0x0000000089100000| PB 0x0000000089100000| Untracked 
|  70|0x0000000089200000, 0x0000000089200000, 0x0000000089300000|  0%| F|  |TAMS 0x0000000089200000| PB 0x0000000089200000| Untracked 
|  71|0x0000000089300000, 0x0000000089300000, 0x0000000089400000|  0%| F|  |TAMS 0x0000000089300000| PB 0x0000000089300000| Untracked 
|  72|0x0000000089400000, 0x0000000089400000, 0x0000000089500000|  0%| F|  |TAMS 0x0000000089400000| PB 0x0000000089400000| Untracked 
|  73|0x0000000089500000, 0x0000000089500000, 0x0000000089600000|  0%| F|  |TAMS 0x0000000089500000| PB 0x0000000089500000| Untracked 
|  74|0x0000000089600000, 0x0000000089600000, 0x0000000089700000|  0%| F|  |TAMS 0x0000000089600000| PB 0x0000000089600000| Untracked 
|  75|0x0000000089700000, 0x0000000089700000, 0x0000000089800000|  0%| F|  |TAMS 0x0000000089700000| PB 0x0000000089700000| Untracked 
|  76|0x0000000089800000, 0x0000000089800000, 0x0000000089900000|  0%| F|  |TAMS 0x0000000089800000| PB 0x0000000089800000| Untracked 
|  77|0x0000000089900000, 0x0000000089900000, 0x0000000089a00000|  0%| F|  |TAMS 0x0000000089900000| PB 0x0000000089900000| Untracked 
|  78|0x0000000089a00000, 0x0000000089a00000, 0x0000000089b00000|  0%| F|  |TAMS 0x0000000089a00000| PB 0x0000000089a00000| Untracked 
|  79|0x0000000089b00000, 0x0000000089b00000, 0x0000000089c00000|  0%| F|  |TAMS 0x0000000089b00000| PB 0x0000000089b00000| Untracked 
|  80|0x0000000089c00000, 0x0000000089c00000, 0x0000000089d00000|  0%| F|  |TAMS 0x0000000089c00000| PB 0x0000000089c00000| Untracked 
|  81|0x0000000089d00000, 0x0000000089d00000, 0x0000000089e00000|  0%| F|  |TAMS 0x0000000089d00000| PB 0x0000000089d00000| Untracked 
|  82|0x0000000089e00000, 0x0000000089e00000, 0x0000000089f00000|  0%| F|  |TAMS 0x0000000089e00000| PB 0x0000000089e00000| Untracked 
|  83|0x0000000089f00000, 0x0000000089f00000, 0x000000008a000000|  0%| F|  |TAMS 0x0000000089f00000| PB 0x0000000089f00000| Untracked 
|  84|0x000000008a000000, 0x000000008a000000, 0x000000008a100000|  0%| F|  |TAMS 0x000000008a000000| PB 0x000000008a000000| Untracked 
|  85|0x000000008a100000, 0x000000008a100000, 0x000000008a200000|  0%| F|  |TAMS 0x000000008a100000| PB 0x000000008a100000| Untracked 
|  86|0x000000008a200000, 0x000000008a200000, 0x000000008a300000|  0%| F|  |TAMS 0x000000008a200000| PB 0x000000008a200000| Untracked 
|  87|0x000000008a300000, 0x000000008a300000, 0x000000008a400000|  0%| F|  |TAMS 0x000000008a300000| PB 0x000000008a300000| Untracked 
|  88|0x000000008a400000, 0x000000008a400000, 0x000000008a500000|  0%| F|  |TAMS 0x000000008a400000| PB 0x000000008a400000| Untracked 
|  89|0x000000008a500000, 0x000000008a500000, 0x000000008a600000|  0%| F|  |TAMS 0x000000008a500000| PB 0x000000008a500000| Untracked 
|  90|0x000000008a600000, 0x000000008a600000, 0x000000008a700000|  0%| F|  |TAMS 0x000000008a600000| PB 0x000000008a600000| Untracked 
|  91|0x000000008a700000, 0x000000008a700000, 0x000000008a800000|  0%| F|  |TAMS 0x000000008a700000| PB 0x000000008a700000| Untracked 
|  92|0x000000008a800000, 0x000000008a800000, 0x000000008a900000|  0%| F|  |TAMS 0x000000008a800000| PB 0x000000008a800000| Untracked 
|  93|0x000000008a900000, 0x000000008a900000, 0x000000008aa00000|  0%| F|  |TAMS 0x000000008a900000| PB 0x000000008a900000| Untracked 
|  94|0x000000008aa00000, 0x000000008aa00000, 0x000000008ab00000|  0%| F|  |TAMS 0x000000008aa00000| PB 0x000000008aa00000| Untracked 
|  95|0x000000008ab00000, 0x000000008ab00000, 0x000000008ac00000|  0%| F|  |TAMS 0x000000008ab00000| PB 0x000000008ab00000| Untracked 
|  96|0x000000008ac00000, 0x000000008ac00000, 0x000000008ad00000|  0%| F|  |TAMS 0x000000008ac00000| PB 0x000000008ac00000| Untracked 
|  97|0x000000008ad00000, 0x000000008ad00000, 0x000000008ae00000|  0%| F|  |TAMS 0x000000008ad00000| PB 0x000000008ad00000| Untracked 
|  98|0x000000008ae00000, 0x000000008ae00000, 0x000000008af00000|  0%| F|  |TAMS 0x000000008ae00000| PB 0x000000008ae00000| Untracked 
|  99|0x000000008af00000, 0x000000008af00000, 0x000000008b000000|  0%| F|  |TAMS 0x000000008af00000| PB 0x000000008af00000| Untracked 
| 100|0x000000008b000000, 0x000000008b000000, 0x000000008b100000|  0%| F|  |TAMS 0x000000008b000000| PB 0x000000008b000000| Untracked 
| 101|0x000000008b100000, 0x000000008b100000, 0x000000008b200000|  0%| F|  |TAMS 0x000000008b100000| PB 0x000000008b100000| Untracked 
| 102|0x000000008b200000, 0x000000008b200000, 0x000000008b300000|  0%| F|  |TAMS 0x000000008b200000| PB 0x000000008b200000| Untracked 
| 103|0x000000008b300000, 0x000000008b300000, 0x000000008b400000|  0%| F|  |TAMS 0x000000008b300000| PB 0x000000008b300000| Untracked 
| 104|0x000000008b400000, 0x000000008b400000, 0x000000008b500000|  0%| F|  |TAMS 0x000000008b400000| PB 0x000000008b400000| Untracked 
| 105|0x000000008b500000, 0x000000008b500000, 0x000000008b600000|  0%| F|  |TAMS 0x000000008b500000| PB 0x000000008b500000| Untracked 
| 106|0x000000008b600000, 0x000000008b600000, 0x000000008b700000|  0%| F|  |TAMS 0x000000008b600000| PB 0x000000008b600000| Untracked 
| 107|0x000000008b700000, 0x000000008b700000, 0x000000008b800000|  0%| F|  |TAMS 0x000000008b700000| PB 0x000000008b700000| Untracked 
| 108|0x000000008b800000, 0x000000008b800000, 0x000000008b900000|  0%| F|  |TAMS 0x000000008b800000| PB 0x000000008b800000| Untracked 
| 109|0x000000008b900000, 0x000000008b900000, 0x000000008ba00000|  0%| F|  |TAMS 0x000000008b900000| PB 0x000000008b900000| Untracked 
| 110|0x000000008ba00000, 0x000000008ba00000, 0x000000008bb00000|  0%| F|  |TAMS 0x000000008ba00000| PB 0x000000008ba00000| Untracked 
| 111|0x000000008bb00000, 0x000000008bb00000, 0x000000008bc00000|  0%| F|  |TAMS 0x000000008bb00000| PB 0x000000008bb00000| Untracked 
| 112|0x000000008bc00000, 0x000000008bc85aa0, 0x000000008bd00000| 52%| E|  |TAMS 0x000000008bc00000| PB 0x000000008bc00000| Complete 
| 113|0x000000008bd00000, 0x000000008be00000, 0x000000008be00000|100%| E|CS|TAMS 0x000000008bd00000| PB 0x000000008bd00000| Complete 
| 114|0x000000008be00000, 0x000000008bf00000, 0x000000008bf00000|100%| E|CS|TAMS 0x000000008be00000| PB 0x000000008be00000| Complete 
| 115|0x000000008bf00000, 0x000000008c000000, 0x000000008c000000|100%| E|CS|TAMS 0x000000008bf00000| PB 0x000000008bf00000| Complete 
| 116|0x000000008c000000, 0x000000008c100000, 0x000000008c100000|100%| E|CS|TAMS 0x000000008c000000| PB 0x000000008c000000| Complete 
| 117|0x000000008c100000, 0x000000008c200000, 0x000000008c200000|100%| E|CS|TAMS 0x000000008c100000| PB 0x000000008c100000| Complete 
| 118|0x000000008c200000, 0x000000008c300000, 0x000000008c300000|100%| E|CS|TAMS 0x000000008c200000| PB 0x000000008c200000| Complete 
| 119|0x000000008c300000, 0x000000008c400000, 0x000000008c400000|100%| E|CS|TAMS 0x000000008c300000| PB 0x000000008c300000| Complete 
| 120|0x000000008c400000, 0x000000008c500000, 0x000000008c500000|100%| E|CS|TAMS 0x000000008c400000| PB 0x000000008c400000| Complete 
| 121|0x000000008c500000, 0x000000008c600000, 0x000000008c600000|100%| E|CS|TAMS 0x000000008c500000| PB 0x000000008c500000| Complete 
| 122|0x000000008c600000, 0x000000008c700000, 0x000000008c700000|100%| E|CS|TAMS 0x000000008c600000| PB 0x000000008c600000| Complete 
| 123|0x000000008c700000, 0x000000008c800000, 0x000000008c800000|100%| E|CS|TAMS 0x000000008c700000| PB 0x000000008c700000| Complete 

Card table byte_map: [0x000002293b950000,0x000002293bd30000] _byte_map_base: 0x000002293b52a000

Marking Bits: (CMBitMap*) 0x00000229245169d0
 Bits: [0x000002293c110000, 0x000002293dfe0000)

Polling page: 0x0000022922400000

Metaspace:

Usage:
  Non-class:      5.92 MB used.
      Class:    722.38 KB used.
       Both:      6.62 MB used.

Virtual space:
  Non-class space:       64.00 MB reserved,       6.00 MB (  9%) committed,  1 nodes.
      Class space:        1.00 GB reserved,     832.00 KB ( <1%) committed,  1 nodes.
             Both:        1.06 GB reserved,       6.81 MB ( <1%) committed. 

Chunk freelists:
   Non-Class:  1.97 MB
       Class:  3.20 MB
        Both:  5.17 MB

MaxMetaspaceSize: unlimited
CompressedClassSpaceSize: 1.00 GB
Initial GC threshold: 21.00 MB
Current GC threshold: 21.00 MB
CDS: on
MetaspaceReclaimPolicy: balanced
 - commit_granule_bytes: 65536.
 - commit_granule_words: 8192.
 - virtual_space_node_default_size: 8388608.
 - enlarge_chunks_in_place: 1.
 - new_chunks_are_fully_committed: 0.
 - uncommit_free_chunks: 1.
 - use_allocation_guard: 0.


Internal statistics:

num_allocs_failed_limit: 0.
num_arena_births: 76.
num_arena_deaths: 0.
num_vsnodes_births: 2.
num_vsnodes_deaths: 0.
num_space_committed: 109.
num_space_uncommitted: 0.
num_chunks_returned_to_freelist: 0.
num_chunks_taken_from_freelist: 123.
num_chunk_merges: 0.
num_chunk_splits: 70.
num_chunks_enlarged: 31.
num_inconsistent_stats: 0.

CodeHeap 'non-profiled nmethods': size=120000Kb used=317Kb max_used=317Kb free=119683Kb
 bounds [0x0000022934040000, 0x00000229342b0000, 0x000002293b570000]
CodeHeap 'profiled nmethods': size=120000Kb used=1383Kb max_used=1383Kb free=118616Kb
 bounds [0x000002292c570000, 0x000002292c7e0000, 0x0000022933aa0000]
CodeHeap 'non-nmethods': size=5760Kb used=1571Kb max_used=1599Kb free=4188Kb
 bounds [0x0000022933aa0000, 0x0000022933d10000, 0x0000022934040000]
 total_blobs=1423 nmethods=935 adapters=399
 compilation: enabled
              stopped_count=0, restarted_count=0
 full_count=0

Compilation events (20 events):
Event: 0.626 Thread 0x0000022944bb1710  921       4       sun.security.ec.point.ProjectivePoint$Mutable::conditionalSet (53 bytes)
Event: 0.629 Thread 0x00000229404bba20  929       3       sun.security.util.math.intpoly.IntegerPolynomial::get0 (10 bytes)
Event: 0.629 Thread 0x00000229404b2f60 nmethod 919 0x000002293408c510 code [0x000002293408c680, 0x000002293408cbd8]
Event: 0.629 Thread 0x00000229404b2f60  925       4       sun.security.util.math.intpoly.IntegerPolynomialP256::reduce (40 bytes)
Event: 0.629 Thread 0x00000229404bba20 nmethod 929 0x000002292c6c8990 code [0x000002292c6c8b20, 0x000002292c6c8d28]
Event: 0.629 Thread 0x00000229404bba20  930       3       sun.security.util.math.intpoly.IntegerPolynomial::get0 (5 bytes)
Event: 0.629 Thread 0x00000229404bba20 nmethod 930 0x000002292c6c8e10 code [0x000002292c6c8fc0, 0x000002292c6c92a8]
Event: 0.630 Thread 0x00000229404b2f60 nmethod 925 0x000002293408cd90 code [0x000002293408cf00, 0x000002293408d020]
Event: 0.633 Thread 0x00000229404b2f60  931       4       sun.security.ec.ECOperations::setDouble (463 bytes)
Event: 0.637 Thread 0x0000022944bb1710 nmethod 921 0x000002293408d110 code [0x000002293408d2c0, 0x000002293408da28]
Event: 0.637 Thread 0x0000022944bb1710  932       4       sun.security.ec.ECOperations$PointMultiplier::lookup (84 bytes)
Event: 0.651 Thread 0x0000022944bb1710 nmethod 932 0x000002293408df10 code [0x000002293408e0c0, 0x000002293408e958]
Event: 0.651 Thread 0x0000022944bb1710  933       4       sun.security.util.math.intpoly.IntegerPolynomial$MutableElement::setAdditiveInverse (32 bytes)
Event: 0.651 Thread 0x00000229404bba20  934       3       sun.security.ec.ECOperations$PointMultiplier$Secp256R1GeneratorMultiplier::bit (13 bytes)
Event: 0.651 Thread 0x00000229404bba20 nmethod 934 0x000002292c6c9410 code [0x000002292c6c95a0, 0x000002292c6c96c8]
Event: 0.652 Thread 0x00000229404bba20  935       3       java.util.LinkedList$ListItr::hasNext (20 bytes)
Event: 0.652 Thread 0x00000229404bba20 nmethod 935 0x000002292c6c9790 code [0x000002292c6c9920, 0x000002292c6c9a98]
Event: 0.653 Thread 0x00000229404bba20  936       3       java.lang.Enum::hashCode (5 bytes)
Event: 0.653 Thread 0x00000229404bba20 nmethod 936 0x000002292c6c9b90 code [0x000002292c6c9d20, 0x000002292c6c9e60]
Event: 0.653 Thread 0x0000022944bb1710 nmethod 933 0x000002293408f010 code [0x000002293408f180, 0x000002293408f300]

GC Heap History (0 events):
No events

Dll operation events (11 events):
Event: 0.006 Loaded shared library C:\Program Files\Java\jdk-20\bin\java.dll
Event: 0.015 Loaded shared library C:\Program Files\Java\jdk-20\bin\jsvml.dll
Event: 0.059 Loaded shared library C:\Program Files\Java\jdk-20\bin\zip.dll
Event: 0.061 Loaded shared library C:\Program Files\Java\jdk-20\bin\instrument.dll
Event: 0.066 Loaded shared library C:\Program Files\Java\jdk-20\bin\net.dll
Event: 0.067 Loaded shared library C:\Program Files\Java\jdk-20\bin\nio.dll
Event: 0.071 Loaded shared library C:\Program Files\Java\jdk-20\bin\zip.dll
Event: 0.081 Loaded shared library C:\Program Files\JetBrains\IntelliJ IDEA Community Edition 2022.3.3\bin\breakgen64.dll
Event: 0.088 Loaded shared library C:\Program Files\Java\jdk-20\bin\extnet.dll
Event: 0.095 Loaded shared library C:\Program Files\Java\jdk-20\bin\jimage.dll
Event: 0.328 Loaded shared library C:\Program Files\Java\jdk-20\bin\sunmscapi.dll

Deoptimization events (20 events):
Event: 0.253 Thread 0x00000229244b9e30 DEOPT PACKING pc=0x000002292c6292ae sp=0x000000bc343fd4e0
Event: 0.253 Thread 0x00000229244b9e30 DEOPT UNPACKING pc=0x0000022933b0e462 sp=0x000000bc343fc960 mode 0
Event: 0.254 Thread 0x00000229244b9e30 DEOPT PACKING pc=0x000002292c6292ae sp=0x000000bc343fd4e0
Event: 0.254 Thread 0x00000229244b9e30 DEOPT UNPACKING pc=0x0000022933b0e462 sp=0x000000bc343fc960 mode 0
Event: 0.255 Thread 0x00000229244b9e30 DEOPT PACKING pc=0x000002292c6292ae sp=0x000000bc343fd4e0
Event: 0.255 Thread 0x00000229244b9e30 DEOPT UNPACKING pc=0x0000022933b0e462 sp=0x000000bc343fc960 mode 0
Event: 0.257 Thread 0x00000229244b9e30 DEOPT PACKING pc=0x000002292c6292ae sp=0x000000bc343fd4e0
Event: 0.257 Thread 0x00000229244b9e30 DEOPT UNPACKING pc=0x0000022933b0e462 sp=0x000000bc343fc960 mode 0
Event: 0.336 Thread 0x00000229244b9e30 DEOPT PACKING pc=0x000002292c5c059d sp=0x000000bc343fc4e0
Event: 0.336 Thread 0x00000229244b9e30 DEOPT UNPACKING pc=0x0000022933b0e462 sp=0x000000bc343fb978 mode 0
Event: 0.336 Thread 0x00000229244b9e30 DEOPT PACKING pc=0x000002292c5c059d sp=0x000000bc343fc4e0
Event: 0.336 Thread 0x00000229244b9e30 DEOPT UNPACKING pc=0x0000022933b0e462 sp=0x000000bc343fb978 mode 0
Event: 0.337 Thread 0x00000229244b9e30 Uncommon trap: trap_request=0xffffff45 fr.pc=0x0000022934067958 relative=0x0000000000000238
Event: 0.337 Thread 0x00000229244b9e30 Uncommon trap: reason=unstable_if action=reinterpret pc=0x0000022934067958 method=java.util.HashMap.putVal(ILjava/lang/Object;Ljava/lang/Object;ZZ)Ljava/lang/Object; @ 162 c2
Event: 0.337 Thread 0x00000229244b9e30 DEOPT PACKING pc=0x0000022934067958 sp=0x000000bc343fc5d0
Event: 0.337 Thread 0x00000229244b9e30 DEOPT UNPACKING pc=0x0000022933abd2a2 sp=0x000000bc343fc528 mode 2
Event: 0.529 Thread 0x00000229244b9e30 Uncommon trap: trap_request=0xffffff45 fr.pc=0x000002293407de54 relative=0x00000000000001d4
Event: 0.529 Thread 0x00000229244b9e30 Uncommon trap: reason=unstable_if action=reinterpret pc=0x000002293407de54 method=java.io.ByteArrayInputStream.read()I @ 8 c2
Event: 0.529 Thread 0x00000229244b9e30 DEOPT PACKING pc=0x000002293407de54 sp=0x000000bc343fd0a0
Event: 0.529 Thread 0x00000229244b9e30 DEOPT UNPACKING pc=0x0000022933abd2a2 sp=0x000000bc343fd048 mode 2

Classes loaded (20 events):
Event: 0.586 Loading class sun/security/util/math/intpoly/IntegerPolynomialP384
Event: 0.586 Loading class sun/security/util/math/intpoly/IntegerPolynomialP384 done
Event: 0.586 Loading class sun/security/util/math/intpoly/IntegerPolynomialP521
Event: 0.587 Loading class sun/security/util/math/intpoly/IntegerPolynomialP521 done
Event: 0.587 Loading class sun/security/util/math/intpoly/P384OrderField
Event: 0.587 Loading class sun/security/util/math/intpoly/P384OrderField done
Event: 0.587 Loading class sun/security/util/math/intpoly/P521OrderField
Event: 0.587 Loading class sun/security/util/math/intpoly/P521OrderField done
Event: 0.589 Loading class sun/security/util/ArrayUtil
Event: 0.589 Loading class sun/security/util/ArrayUtil done
Event: 0.590 Loading class sun/security/util/math/IntegerModuloP$MultiplicativeInverser$Secp256R1
Event: 0.590 Loading class sun/security/util/math/IntegerModuloP$MultiplicativeInverser$Secp256R1 done
Event: 0.652 Loading class java/security/interfaces/ECPrivateKey
Event: 0.652 Loading class java/security/interfaces/ECPrivateKey done
Event: 0.652 Loading class sun/security/ssl/KeyShareExtension$CHKeyShareSpec
Event: 0.652 Loading class sun/security/ssl/KeyShareExtension$CHKeyShareSpec done
Event: 0.653 Loading class sun/security/ssl/OutputRecord$T13PaddingHolder
Event: 0.653 Loading class sun/security/ssl/OutputRecord$T13PaddingHolder done
Event: 0.653 Loading class sun/security/ssl/ContentType
Event: 0.653 Loading class sun/security/ssl/ContentType done

Classes unloaded (0 events):
No events

Classes redefined (0 events):
No events

Internal exceptions (7 events):
Event: 0.075 Thread 0x00000229244b9e30 Exception <a 'java/lang/NoSuchMethodError'{0x000000008c5025c8}: 'void java.lang.invoke.DirectMethodHandle$Holder.invokeStatic(java.lang.Object, java.lang.Object, java.lang.Object)'> (0x000000008c5025c8) 
thrown [s\open\src\hotspot\share\interpreter\linkResolver.cpp, line 773]
Event: 0.079 Thread 0x00000229244b9e30 Exception <a 'java/lang/NoSuchMethodError'{0x000000008c519ad0}: 'java.lang.Object java.lang.invoke.Invokers$Holder.invokeExact_MT(java.lang.Object, java.lang.Object, java.lang.Object, java.lang.Object, java.lang.Object)'> (0x000000008c519ad0) 
thrown [s\open\src\hotspot\share\interpreter\linkResolver.cpp, line 773]
Event: 0.090 Thread 0x00000229449e46d0 Exception <a 'java/lang/NoSuchMethodError'{0x000000008c549fd8}: 'void java.lang.invoke.DirectMethodHandle$Holder.invokeStatic(java.lang.Object, java.lang.Object)'> (0x000000008c549fd8) 
thrown [s\open\src\hotspot\share\interpreter\linkResolver.cpp, line 773]
Event: 0.153 Thread 0x00000229244b9e30 Exception <a 'sun/nio/fs/WindowsException'{0x000000008c31aaa0}> (0x000000008c31aaa0) 
thrown [s\open\src\hotspot\share\prims\jni.cpp, line 519]
Event: 0.220 Thread 0x00000229244b9e30 Exception <a 'java/lang/NoSuchMethodError'{0x000000008c2e70d8}: 'void java.lang.invoke.DirectMethodHandle$Holder.invokeVirtual(java.lang.Object, java.lang.Object)'> (0x000000008c2e70d8) 
thrown [s\open\src\hotspot\share\interpreter\linkResolver.cpp, line 773]
Event: 0.270 Thread 0x00000229244b9e30 Exception <a 'java/lang/NoSuchMethodError'{0x000000008be3f8e8}: 'java.lang.Object java.lang.invoke.DirectMethodHandle$Holder.invokeStaticInit(java.lang.Object, int, int, int, int)'> (0x000000008be3f8e8) 
thrown [s\open\src\hotspot\share\interpreter\linkResolver.cpp, line 773]
Event: 0.293 Thread 0x00000229244b9e30 Exception <a 'java/lang/NoSuchMethodError'{0x000000008be65ba0}: 'java.lang.Object java.lang.invoke.DirectMethodHandle$Holder.invokeStaticInit(java.lang.Object, java.lang.Object, int, int, int, int)'> (0x000000008be65ba0) 
thrown [s\open\src\hotspot\share\interpreter\linkResolver.cpp, line 773]

VM Operations (6 events):
Event: 0.049 Executing VM operation: HandshakeAllThreads
Event: 0.049 Executing VM operation: HandshakeAllThreads done
Event: 0.084 Executing VM operation: HandshakeAllThreads
Event: 0.084 Executing VM operation: HandshakeAllThreads done
Event: 0.535 Executing VM operation: HandshakeAllThreads
Event: 0.535 Executing VM operation: HandshakeAllThreads done

Events (13 events):
Event: 0.015 Thread 0x00000229244b9e30 Thread added: 0x00000229244b9e30
Event: 0.025 Thread 0x000002294049bb00 Thread added: 0x000002294049bb00
Event: 0.025 Thread 0x000002294049d8a0 Thread added: 0x000002294049d8a0
Event: 0.026 Thread 0x00000229404a1030 Thread added: 0x00000229404a1030
Event: 0.026 Thread 0x00000229404a1a60 Thread added: 0x00000229404a1a60
Event: 0.026 Thread 0x00000229404a2490 Thread added: 0x00000229404a2490
Event: 0.026 Thread 0x00000229404a4000 Thread added: 0x00000229404a4000
Event: 0.026 Thread 0x00000229404b2f60 Thread added: 0x00000229404b2f60
Event: 0.026 Thread 0x00000229404bba20 Thread added: 0x00000229404bba20
Event: 0.043 Thread 0x0000022940468790 Thread added: 0x0000022940468790
Event: 0.082 Thread 0x00000229449e46d0 Thread added: 0x00000229449e46d0
Event: 0.082 Thread 0x000002294497a410 Thread added: 0x000002294497a410
Event: 0.531 Thread 0x0000022944bb1710 Thread added: 0x0000022944bb1710


Dynamic libraries:
0x00007ff76fc00000 - 0x00007ff76fc10000 	C:\Program Files\Java\jdk-20\bin\java.exe
0x00007ff963a70000 - 0x00007ff963c87000 	C:\WINDOWS\SYSTEM32\ntdll.dll
0x00007ff963780000 - 0x00007ff963844000 	C:\WINDOWS\System32\KERNEL32.DLL
0x00007ff961250000 - 0x00007ff9615f6000 	C:\WINDOWS\System32\KERNELBASE.dll
0x00007ff961000000 - 0x00007ff961111000 	C:\WINDOWS\System32\ucrtbase.dll
0x00007ff9519e0000 - 0x00007ff9519f9000 	C:\Program Files\Java\jdk-20\bin\jli.dll
0x00007ff94b1b0000 - 0x00007ff94b1cb000 	C:\Program Files\Java\jdk-20\bin\VCRUNTIME140.dll
0x00007ff962ba0000 - 0x00007ff962c50000 	C:\WINDOWS\System32\ADVAPI32.dll
0x00007ff962720000 - 0x00007ff9627c7000 	C:\WINDOWS\System32\msvcrt.dll
0x00007ff962360000 - 0x00007ff962406000 	C:\WINDOWS\System32\sechost.dll
0x00007ff9638d0000 - 0x00007ff9639e7000 	C:\WINDOWS\System32\RPCRT4.dll
0x00007ff962410000 - 0x00007ff9625bd000 	C:\WINDOWS\System32\USER32.dll
0x00007ff9617a0000 - 0x00007ff9617c6000 	C:\WINDOWS\System32\win32u.dll
0x00007ff963a00000 - 0x00007ff963a29000 	C:\WINDOWS\System32\GDI32.dll
0x00007ff961680000 - 0x00007ff961798000 	C:\WINDOWS\System32\gdi32full.dll
0x00007ff960df0000 - 0x00007ff960e8a000 	C:\WINDOWS\System32\msvcp_win.dll
0x00007ff948d70000 - 0x00007ff949003000 	C:\WINDOWS\WinSxS\amd64_microsoft.windows.common-controls_6595b64144ccf1df_6.0.22621.2361_none_2712ced57382f843\COMCTL32.dll
0x00007ff954fa0000 - 0x00007ff954faa000 	C:\WINDOWS\SYSTEM32\VERSION.dll
0x00007ff962b60000 - 0x00007ff962b91000 	C:\WINDOWS\System32\IMM32.DLL
0x00007ff95be10000 - 0x00007ff95be1c000 	C:\Program Files\Java\jdk-20\bin\vcruntime140_1.dll
0x00007ff946610000 - 0x00007ff94669e000 	C:\Program Files\Java\jdk-20\bin\msvcp140.dll
0x00007ff916110000 - 0x00007ff916da7000 	C:\Program Files\Java\jdk-20\bin\server\jvm.dll
0x00007ff959630000 - 0x00007ff959639000 	C:\WINDOWS\SYSTEM32\WSOCK32.dll
0x00007ff963850000 - 0x00007ff9638c1000 	C:\WINDOWS\System32\WS2_32.dll
0x00007ff954f60000 - 0x00007ff954f94000 	C:\WINDOWS\SYSTEM32\WINMM.dll
0x00007ff95ff20000 - 0x00007ff95ff38000 	C:\WINDOWS\SYSTEM32\kernel.appcore.dll
0x00007ff959610000 - 0x00007ff95961a000 	C:\Program Files\Java\jdk-20\bin\jimage.dll
0x00007ff95ea40000 - 0x00007ff95ec6e000 	C:\WINDOWS\SYSTEM32\DBGHELP.DLL
0x00007ff9627d0000 - 0x00007ff962b5a000 	C:\WINDOWS\System32\combase.dll
0x00007ff962d20000 - 0x00007ff962df7000 	C:\WINDOWS\System32\OLEAUT32.dll
0x00007ff93ef90000 - 0x00007ff93efc2000 	C:\WINDOWS\SYSTEM32\dbgcore.DLL
0x00007ff961600000 - 0x00007ff96167a000 	C:\WINDOWS\System32\bcryptPrimitives.dll
0x00007ff94cdb0000 - 0x00007ff94cdbe000 	C:\Program Files\Java\jdk-20\bin\instrument.dll
0x00007ff949a90000 - 0x00007ff949ab6000 	C:\Program Files\Java\jdk-20\bin\java.dll
0x00007ff93f710000 - 0x00007ff93f7e7000 	C:\Program Files\Java\jdk-20\bin\jsvml.dll
0x00007ff9619e0000 - 0x00007ff962238000 	C:\WINDOWS\System32\SHELL32.dll
0x00007ff95ec70000 - 0x00007ff95f562000 	C:\WINDOWS\SYSTEM32\windows.storage.dll
0x00007ff95e900000 - 0x00007ff95ea3e000 	C:\WINDOWS\SYSTEM32\wintypes.dll
0x00007ff962e90000 - 0x00007ff962f83000 	C:\WINDOWS\System32\SHCORE.dll
0x00007ff962fe0000 - 0x00007ff96303e000 	C:\WINDOWS\System32\shlwapi.dll
0x00007ff960d20000 - 0x00007ff960d46000 	C:\WINDOWS\SYSTEM32\profapi.dll
0x00007ff94a100000 - 0x00007ff94a118000 	C:\Program Files\Java\jdk-20\bin\zip.dll
0x00007ff949ff0000 - 0x00007ff94a003000 	C:\Program Files\Java\jdk-20\bin\net.dll
0x00007ff957250000 - 0x00007ff957387000 	C:\WINDOWS\SYSTEM32\WINHTTP.dll
0x00007ff9603a0000 - 0x00007ff960409000 	C:\WINDOWS\system32\mswsock.dll
0x00007ff949340000 - 0x00007ff949356000 	C:\Program Files\Java\jdk-20\bin\nio.dll
0x00007ff949160000 - 0x00007ff94917a000 	C:\Program Files\JetBrains\IntelliJ IDEA Community Edition 2022.3.3\bin\breakgen64.dll
0x00007ff949330000 - 0x00007ff949337000 	C:\Program Files\Java\jdk-20\bin\extnet.dll
0x00007ff9605f0000 - 0x00007ff96060b000 	C:\WINDOWS\SYSTEM32\CRYPTSP.dll
0x00007ff95fe80000 - 0x00007ff95feb5000 	C:\WINDOWS\system32\rsaenh.dll
0x00007ff960490000 - 0x00007ff9604bc000 	C:\WINDOWS\SYSTEM32\USERENV.dll
0x00007ff9607b0000 - 0x00007ff9607d8000 	C:\WINDOWS\SYSTEM32\bcrypt.dll
0x00007ff960610000 - 0x00007ff96061c000 	C:\WINDOWS\SYSTEM32\CRYPTBASE.dll
0x00007ff95f920000 - 0x00007ff95f94d000 	C:\WINDOWS\SYSTEM32\IPHLPAPI.DLL
0x00007ff9625c0000 - 0x00007ff9625c9000 	C:\WINDOWS\System32\NSI.dll
0x00007ff954fb0000 - 0x00007ff954fc9000 	C:\WINDOWS\SYSTEM32\dhcpcsvc6.DLL
0x00007ff954ad0000 - 0x00007ff954aef000 	C:\WINDOWS\SYSTEM32\dhcpcsvc.DLL
0x00007ff95f950000 - 0x00007ff95fa49000 	C:\WINDOWS\SYSTEM32\DNSAPI.dll
0x00007ff948870000 - 0x00007ff94887e000 	C:\Program Files\Java\jdk-20\bin\sunmscapi.dll
0x00007ff960e90000 - 0x00007ff960ff6000 	C:\WINDOWS\System32\CRYPT32.dll
0x00007ff960780000 - 0x00007ff9607ad000 	C:\WINDOWS\SYSTEM32\ncrypt.dll
0x00007ff960740000 - 0x00007ff960777000 	C:\WINDOWS\SYSTEM32\NTASN1.dll
0x00007ff953f20000 - 0x00007ff953f2a000 	C:\Windows\System32\rasadhlp.dll
0x00007ff953de0000 - 0x00007ff953e64000 	C:\WINDOWS\System32\fwpuclnt.dll

dbghelp: loaded successfully - version: 4.0.5 - missing functions: none
symbol engine: initialized successfully - sym options: 0x614 - pdb path: .;C:\Program Files\Java\jdk-20\bin;C:\WINDOWS\SYSTEM32;C:\WINDOWS\WinSxS\amd64_microsoft.windows.common-controls_6595b64144ccf1df_6.0.22621.2361_none_2712ced57382f843;C:\Program Files\Java\jdk-20\bin\server;C:\Program Files\JetBrains\IntelliJ IDEA Community Edition 2022.3.3\bin

VM Arguments:
jvm_args: -javaagent:C:\Program Files\JetBrains\IntelliJ IDEA Community Edition 2022.3.3\lib\idea_rt.jar=56171:C:\Program Files\JetBrains\IntelliJ IDEA Community Edition 2022.3.3\bin -Dfile.encoding=UTF-8 -Dsun.stdout.encoding=UTF-8 -Dsun.stderr.encoding=UTF-8 
java_command: TicTacToeGame.teleBot
java_class_path (initial): C:\Users\The Chop\Desktop\JavaProgramming\out\production\Java Programming;C:\Users\The Chop\.m2\repository\org\jetbrains\annotations\23.0.0\annotations-23.0.0.jar
Launcher Type: SUN_STANDARD

[Global flags]
     intx CICompilerCount                          = 3                                         {product} {ergonomic}
     uint ConcGCThreads                            = 1                                         {product} {ergonomic}
     uint G1ConcRefinementThreads                  = 4                                         {product} {ergonomic}
   size_t G1HeapRegionSize                         = 1048576                                   {product} {ergonomic}
    uintx GCDrainStackTargetSize                   = 64                                        {product} {ergonomic}
   size_t InitialHeapSize                          = 130023424                                 {product} {ergonomic}
   size_t MarkStackSize                            = 4194304                                   {product} {ergonomic}
   size_t MaxHeapSize                              = 2067791872                                {product} {ergonomic}
   size_t MaxNewSize                               = 1240465408                                {product} {ergonomic}
   size_t MinHeapDeltaBytes                        = 1048576                                   {product} {ergonomic}
   size_t MinHeapSize                              = 8388608                                   {product} {ergonomic}
    uintx NonNMethodCodeHeapSize                   = 5832780                                {pd product} {ergonomic}
    uintx NonProfiledCodeHeapSize                  = 122912730                              {pd product} {ergonomic}
    uintx ProfiledCodeHeapSize                     = 122912730                              {pd product} {ergonomic}
    uintx ReservedCodeCacheSize                    = 251658240                              {pd product} {ergonomic}
     bool SegmentedCodeCache                       = true                                      {product} {ergonomic}
   size_t SoftMaxHeapSize                          = 2067791872                             {manageable} {ergonomic}
     bool UseCompressedClassPointers               = true                           {product lp64_product} {ergonomic}
     bool UseCompressedOops                        = true                           {product lp64_product} {ergonomic}
     bool UseG1GC                                  = true                                      {product} {ergonomic}
     bool UseLargePagesIndividualAllocation        = false                                  {pd product} {ergonomic}

Logging:
Log output configuration:
 #0: stdout all=warning uptime,level,tags foldmultilines=false
 #1: stderr all=off uptime,level,tags foldmultilines=false

Environment Variables:
PATH=c:\Users\The Chop\AppData\Local\Programs\cursor\resources\app\bin;C:\Program Files\Python311\Scripts\;C:\Program Files\Python311\;C:\Program Files\Common Files\Oracle\Java\javapath;C:\WINDOWS\system32;C:\WINDOWS;C:\WINDOWS\System32\Wbem;C:\WINDOWS\System32\WindowsPowerShell\v1.0\;C:\WINDOWS\System32\OpenSSH\;C:\ProgramData\chocolatey\bin;C:\Program Files\nodejs\;C:\Program Files\Git\cmd;C:\Users\The Chop\AppData\Local\Microsoft\WindowsApps;C:\MinGW\bin;C:\Program Files\JetBrains\IntelliJ IDEA Community Edition 2022.3.3\bin;;C:\Users\The Chop\AppData\Roaming\npm;c:\Users\The Chop\AppData\Local\Programs\cursor\resources\app\bin;C:\Users\The Chop\AppData\Local\Microsoft\WindowsApps;C:\MinGW\bin;C:\Users\The Chop\AppData\Local\Programs\Microsoft VS Code\bin;C:\Program Files\JetBrains\IntelliJ IDEA Community Edition 2022.3.3\bin;;C:\Users\The Chop\AppData\Roaming\npm
USERNAME=The Chop
OS=Windows_NT
PROCESSOR_IDENTIFIER=Intel64 Family 6 Model 140 Stepping 1, GenuineIntel
TMP=C:\Users\THECHO~1\AppData\Local\Temp
TEMP=C:\Users\THECHO~1\AppData\Local\Temp




---------------  S Y S T E M  ---------------

OS:
 Windows 11 , 64 bit Build 22621 (10.0.22621.2428)
OS uptime: 2 days 11:33 hours

CPU: total 4 (initial active 4) (2 cores per cpu, 2 threads per core) family 6 model 140 stepping 1 microcode 0x9a, cx8, cmov, fxsr, ht, mmx, 3dnowpref, sse, sse2, sse3, ssse3, sse4.1, sse4.2, popcnt, lzcnt, tsc, tscinvbit, avx, avx2, aes, erms, clmul, bmi1, bmi2, adx, avx512f, avx512dq, avx512cd, avx512bw, avx512vl, sha, fma, vzeroupper, avx512_vpopcntdq, avx512_vpclmulqdq, avx512_vaes, avx512_vnni, clflush, clflushopt, clwb, avx512_vbmi2, avx512_vbmi, rdtscp, rdpid, fsrm, gfni, avx512_bitalg, f16c, pku, cet_ibt, cet_ss, avx512_ifma

Memory: 4k page, system-wide physical 7886M (748M free)
TotalPageFile size 9934M (AvailPageFile size 5M)
current process WorkingSet (physical memory assigned to process): 67M, peak: 69M
current process commit charge ("private bytes"): 217M, peak: 218M

vm_info: Java HotSpot(TM) 64-Bit Server VM (20+36-2344) for windows-amd64 JRE (20+36-2344), built on 2023-02-10T19:30:15Z by "mach5one" with MS VC++ 17.1 (VS2022)

END.
